{"/Users/nileshchakraborty/workspace/ksco/src/app/actions.ts": {"path":"/Users/nileshchakraborty/workspace/ksco/src/app/actions.ts","statementMap":{"0":{"start":{"line":1,"column":0},"end":{"line":1,"column":null}},"1":{"start":{"line":5,"column":22},"end":{"line":10,"column":2}},"2":{"start":{"line":13,"column":26},"end":{"line":18,"column":4}},"3":{"start":{"line":20,"column":2},"end":{"line":25,"column":null}},"4":{"start":{"line":21,"column":4},"end":{"line":25,"column":null}},"5":{"start":{"line":29,"column":2},"end":{"line":29,"column":null}},"6":{"start":{"line":29,"column":33},"end":{"line":29,"column":58}},"7":{"start":{"line":31,"column":2},"end":{"line":31,"column":null}},"8":{"start":{"line":36,"column":2},"end":{"line":39,"column":null}}},"fnMap":{"0":{"name":"submitInquiry","decl":{"start":{"line":12,"column":22},"end":{"line":12,"column":36}},"loc":{"start":{"line":12,"column":76},"end":{"line":39,"column":null}},"line":12},"1":{"name":"(anonymous_1)","decl":{"start":{"line":29,"column":12},"end":{"line":29,"column":21}},"loc":{"start":{"line":29,"column":33},"end":{"line":29,"column":58}},"line":29}},"branchMap":{"0":{"loc":{"start":{"line":20,"column":2},"end":{"line":25,"column":null}},"type":"if","locations":[{"start":{"line":20,"column":2},"end":{"line":25,"column":null}},{"start":{},"end":{}}],"line":20}},"s":{"0":2,"1":2,"2":2,"3":2,"4":1,"5":1,"6":1,"7":1,"8":1},"f":{"0":2,"1":1},"b":{"0":[1,1]},"meta":{"lastBranch":1,"lastFunction":2,"lastStatement":9,"seen":{"s:1:0:1:Infinity":0,"s:5:22:10:2":1,"f:12:22:12:36":0,"s:13:26:18:4":2,"b:20:2:25:Infinity:undefined:undefined:undefined:undefined":0,"s:20:2:25:Infinity":3,"s:21:4:25:Infinity":4,"s:29:2:29:Infinity":5,"f:29:12:29:21":1,"s:29:33:29:58":6,"s:31:2:31:Infinity":7,"s:36:2:39:Infinity":8}}}
,"/Users/nileshchakraborty/workspace/ksco/src/app/page.tsx": {"path":"/Users/nileshchakraborty/workspace/ksco/src/app/page.tsx","statementMap":{"0":{"start":{"line":1,"column":0},"end":{"line":1,"column":null}},"1":{"start":{"line":12,"column":50},"end":{"line":18,"column":null}},"2":{"start":{"line":20,"column":49},"end":{"line":24,"column":null}},"3":{"start":{"line":27,"column":8},"end":{"line":27,"column":49}},"4":{"start":{"line":29,"column":2},"end":{"line":304,"column":null}},"5":{"start":{"line":82,"column":16},"end":{"line":85,"column":null}},"6":{"start":{"line":107,"column":27},"end":{"line":107,"column":null}},"7":{"start":{"line":108,"column":14},"end":{"line":113,"column":null}},"8":{"start":{"line":140,"column":27},"end":{"line":140,"column":null}},"9":{"start":{"line":141,"column":14},"end":{"line":178,"column":null}},"10":{"start":{"line":167,"column":26},"end":{"line":169,"column":null}},"11":{"start":{"line":197,"column":14},"end":{"line":231,"column":null}},"12":{"start":{"line":253,"column":12},"end":{"line":253,"column":null}},"13":{"start":{"line":280,"column":16},"end":{"line":282,"column":null}},"14":{"start":{"line":289,"column":14},"end":{"line":300,"column":null}}},"fnMap":{"0":{"name":"Home","decl":{"start":{"line":26,"column":24},"end":{"line":26,"column":31}},"loc":{"start":{"line":26,"column":31},"end":{"line":304,"column":null}},"line":26},"1":{"name":"(anonymous_1)","decl":{"start":{"line":81,"column":33},"end":{"line":81,"column":38}},"loc":{"start":{"line":82,"column":16},"end":{"line":85,"column":null}},"line":82},"2":{"name":"(anonymous_2)","decl":{"start":{"line":106,"column":32},"end":{"line":106,"column":37}},"loc":{"start":{"line":106,"column":48},"end":{"line":113,"column":null}},"line":106},"3":{"name":"(anonymous_3)","decl":{"start":{"line":139,"column":24},"end":{"line":139,"column":29}},"loc":{"start":{"line":139,"column":37},"end":{"line":178,"column":null}},"line":139},"4":{"name":"(anonymous_4)","decl":{"start":{"line":166,"column":52},"end":{"line":166,"column":57}},"loc":{"start":{"line":167,"column":26},"end":{"line":169,"column":null}},"line":167},"5":{"name":"(anonymous_5)","decl":{"start":{"line":196,"column":27},"end":{"line":196,"column":32}},"loc":{"start":{"line":197,"column":14},"end":{"line":231,"column":null}},"line":197},"6":{"name":"(anonymous_6)","decl":{"start":{"line":252,"column":28},"end":{"line":252,"column":33}},"loc":{"start":{"line":253,"column":12},"end":{"line":253,"column":null}},"line":253},"7":{"name":"(anonymous_7)","decl":{"start":{"line":279,"column":46},"end":{"line":279,"column":51}},"loc":{"start":{"line":280,"column":16},"end":{"line":282,"column":null}},"line":280},"8":{"name":"(anonymous_8)","decl":{"start":{"line":288,"column":33},"end":{"line":288,"column":38}},"loc":{"start":{"line":289,"column":14},"end":{"line":300,"column":null}},"line":289}},"branchMap":{"0":{"loc":{"start":{"line":107,"column":27},"end":{"line":107,"column":null}},"type":"binary-expr","locations":[{"start":{"line":107,"column":27},"end":{"line":107,"column":54}},{"start":{"line":107,"column":54},"end":{"line":107,"column":null}}],"line":107},"1":{"loc":{"start":{"line":140,"column":27},"end":{"line":140,"column":null}},"type":"binary-expr","locations":[{"start":{"line":140,"column":27},"end":{"line":140,"column":52}},{"start":{"line":140,"column":52},"end":{"line":140,"column":null}}],"line":140},"2":{"loc":{"start":{"line":202,"column":18},"end":{"line":202,"column":null}},"type":"cond-expr","locations":[{"start":{"line":202,"column":42},"end":{"line":202,"column":70}},{"start":{"line":202,"column":70},"end":{"line":202,"column":null}}],"line":202},"3":{"loc":{"start":{"line":207,"column":82},"end":{"line":207,"column":140}},"type":"cond-expr","locations":[{"start":{"line":207,"column":106},"end":{"line":207,"column":124}},{"start":{"line":207,"column":124},"end":{"line":207,"column":140}}],"line":207},"4":{"loc":{"start":{"line":211,"column":75},"end":{"line":211,"column":135}},"type":"cond-expr","locations":[{"start":{"line":211,"column":99},"end":{"line":211,"column":118}},{"start":{"line":211,"column":118},"end":{"line":211,"column":135}}],"line":211},"5":{"loc":{"start":{"line":215,"column":94},"end":{"line":215,"column":152}},"type":"cond-expr","locations":[{"start":{"line":215,"column":118},"end":{"line":215,"column":136}},{"start":{"line":215,"column":136},"end":{"line":215,"column":152}}],"line":215},"6":{"loc":{"start":{"line":227,"column":22},"end":{"line":227,"column":null}},"type":"cond-expr","locations":[{"start":{"line":227,"column":46},"end":{"line":227,"column":64}},{"start":{"line":227,"column":64},"end":{"line":227,"column":null}}],"line":227}},"s":{"0":1,"1":1,"2":1,"3":5,"4":5,"5":15,"6":15,"7":15,"8":25,"9":25,"10":50,"11":10,"12":30,"13":20,"14":15},"f":{"0":5,"1":15,"2":15,"3":25,"4":50,"5":10,"6":30,"7":20,"8":15},"b":{"0":[15,5],"1":[25,0],"2":[5,5],"3":[5,5],"4":[5,5],"5":[5,5],"6":[5,5]},"meta":{"lastBranch":7,"lastFunction":9,"lastStatement":15,"seen":{"s:1:0:1:Infinity":0,"s:12:50:18:Infinity":1,"s:20:49:24:Infinity":2,"f:26:24:26:31":0,"s:27:8:27:49":3,"s:29:2:304:Infinity":4,"f:81:33:81:38":1,"s:82:16:85:Infinity":5,"f:106:32:106:37":2,"s:107:27:107:Infinity":6,"b:107:27:107:54:107:54:107:Infinity":0,"s:108:14:113:Infinity":7,"f:139:24:139:29":3,"s:140:27:140:Infinity":8,"b:140:27:140:52:140:52:140:Infinity":1,"s:141:14:178:Infinity":9,"f:166:52:166:57":4,"s:167:26:169:Infinity":10,"f:196:27:196:32":5,"s:197:14:231:Infinity":11,"b:202:42:202:70:202:70:202:Infinity":2,"b:207:106:207:124:207:124:207:140":3,"b:211:99:211:118:211:118:211:135":4,"b:215:118:215:136:215:136:215:152":5,"b:227:46:227:64:227:64:227:Infinity":6,"f:252:28:252:33":6,"s:253:12:253:Infinity":12,"f:279:46:279:51":7,"s:280:16:282:Infinity":13,"f:288:33:288:38":8,"s:289:14:300:Infinity":14}}}
,"/Users/nileshchakraborty/workspace/ksco/src/app/robots.ts": {"path":"/Users/nileshchakraborty/workspace/ksco/src/app/robots.ts","statementMap":{"0":{"start":{"line":3,"column":17},"end":{"line":3,"column":null}},"1":{"start":{"line":6,"column":2},"end":{"line":13,"column":null}}},"fnMap":{"0":{"name":"robots","decl":{"start":{"line":5,"column":24},"end":{"line":5,"column":55}},"loc":{"start":{"line":5,"column":55},"end":{"line":13,"column":null}},"line":5}},"branchMap":{},"s":{"0":0,"1":0},"f":{"0":0},"b":{},"meta":{"lastBranch":0,"lastFunction":1,"lastStatement":2,"seen":{"s:3:17:3:Infinity":0,"f:5:24:5:55":0,"s:6:2:13:Infinity":1}}}
,"/Users/nileshchakraborty/workspace/ksco/src/app/sitemap.ts": {"path":"/Users/nileshchakraborty/workspace/ksco/src/app/sitemap.ts","statementMap":{"0":{"start":{"line":4,"column":17},"end":{"line":4,"column":null}},"1":{"start":{"line":7,"column":23},"end":{"line":19,"column":5}},"2":{"start":{"line":14,"column":20},"end":{"line":19,"column":5}},"3":{"start":{"line":21,"column":25},"end":{"line":26,"column":5}},"4":{"start":{"line":21,"column":50},"end":{"line":26,"column":5}},"5":{"start":{"line":28,"column":24},"end":{"line":33,"column":5}},"6":{"start":{"line":28,"column":48},"end":{"line":33,"column":5}},"7":{"start":{"line":35,"column":2},"end":{"line":35,"column":null}}},"fnMap":{"0":{"name":"sitemap","decl":{"start":{"line":6,"column":24},"end":{"line":6,"column":57}},"loc":{"start":{"line":6,"column":57},"end":{"line":35,"column":null}},"line":6},"1":{"name":"(anonymous_1)","decl":{"start":{"line":14,"column":4},"end":{"line":14,"column":9}},"loc":{"start":{"line":14,"column":20},"end":{"line":19,"column":5}},"line":14},"2":{"name":"(anonymous_2)","decl":{"start":{"line":21,"column":36},"end":{"line":21,"column":41}},"loc":{"start":{"line":21,"column":50},"end":{"line":26,"column":5}},"line":21},"3":{"name":"(anonymous_3)","decl":{"start":{"line":28,"column":33},"end":{"line":28,"column":38}},"loc":{"start":{"line":28,"column":48},"end":{"line":33,"column":5}},"line":28}},"branchMap":{"0":{"loc":{"start":{"line":18,"column":14},"end":{"line":18,"column":null}},"type":"cond-expr","locations":[{"start":{"line":18,"column":29},"end":{"line":18,"column":33}},{"start":{"line":18,"column":33},"end":{"line":18,"column":null}}],"line":18}},"s":{"0":0,"1":0,"2":0,"3":0,"4":0,"5":0,"6":0,"7":0},"f":{"0":0,"1":0,"2":0,"3":0},"b":{"0":[0,0]},"meta":{"lastBranch":1,"lastFunction":4,"lastStatement":8,"seen":{"s:4:17:4:Infinity":0,"f:6:24:6:57":0,"s:7:23:19:5":1,"f:14:4:14:9":1,"s:14:20:19:5":2,"b:18:29:18:33:18:33:18:Infinity":0,"s:21:25:26:5":3,"f:21:36:21:41":2,"s:21:50:26:5":4,"s:28:24:33:5":5,"f:28:33:28:38":3,"s:28:48:33:5":6,"s:35:2:35:Infinity":7}}}
,"/Users/nileshchakraborty/workspace/ksco/src/app/about/page.tsx": {"path":"/Users/nileshchakraborty/workspace/ksco/src/app/about/page.tsx","statementMap":{"0":{"start":{"line":6,"column":2},"end":{"line":89,"column":null}}},"fnMap":{"0":{"name":"AboutPage","decl":{"start":{"line":5,"column":24},"end":{"line":5,"column":36}},"loc":{"start":{"line":5,"column":36},"end":{"line":89,"column":null}},"line":5}},"branchMap":{},"s":{"0":3},"f":{"0":3},"b":{},"meta":{"lastBranch":0,"lastFunction":1,"lastStatement":1,"seen":{"f:5:24:5:36":0,"s:6:2:89:Infinity":0}}}
,"/Users/nileshchakraborty/workspace/ksco/src/app/category/[slug]/page.tsx": {"path":"/Users/nileshchakraborty/workspace/ksco/src/app/category/[slug]/page.tsx","statementMap":{"0":{"start":{"line":14,"column":2},"end":{"line":16,"column":null}},"1":{"start":{"line":14,"column":39},"end":{"line":15,"column":null}},"2":{"start":{"line":20,"column":19},"end":{"line":20,"column":null}},"3":{"start":{"line":21,"column":8},"end":{"line":21,"column":36}},"4":{"start":{"line":23,"column":2},"end":{"line":24,"column":null}},"5":{"start":{"line":24,"column":4},"end":{"line":24,"column":null}},"6":{"start":{"line":27,"column":2},"end":{"line":30,"column":null}},"7":{"start":{"line":34,"column":19},"end":{"line":34,"column":null}},"8":{"start":{"line":35,"column":8},"end":{"line":35,"column":36}},"9":{"start":{"line":37,"column":2},"end":{"line":38,"column":null}},"10":{"start":{"line":38,"column":4},"end":{"line":38,"column":null}},"11":{"start":{"line":41,"column":8},"end":{"line":41,"column":53}},"12":{"start":{"line":42,"column":28},"end":{"line":42,"column":80}},"13":{"start":{"line":42,"column":56},"end":{"line":42,"column":80}},"14":{"start":{"line":44,"column":17},"end":{"line":60,"column":null}},"15":{"start":{"line":53,"column":56},"end":{"line":58,"column":null}},"16":{"start":{"line":62,"column":2},"end":{"line":170,"column":null}},"17":{"start":{"line":107,"column":16},"end":{"line":110,"column":null}},"18":{"start":{"line":134,"column":14},"end":{"line":134,"column":null}},"19":{"start":{"line":150,"column":14},"end":{"line":159,"column":null}}},"fnMap":{"0":{"name":"generateStaticParams","decl":{"start":{"line":13,"column":22},"end":{"line":13,"column":45}},"loc":{"start":{"line":13,"column":45},"end":{"line":16,"column":null}},"line":13},"1":{"name":"(anonymous_1)","decl":{"start":{"line":14,"column":20},"end":{"line":14,"column":25}},"loc":{"start":{"line":14,"column":39},"end":{"line":15,"column":null}},"line":14},"2":{"name":"generateMetadata","decl":{"start":{"line":19,"column":22},"end":{"line":19,"column":39}},"loc":{"start":{"line":19,"column":77},"end":{"line":30,"column":null}},"line":19},"3":{"name":"CategoryPage","decl":{"start":{"line":33,"column":30},"end":{"line":33,"column":43}},"loc":{"start":{"line":33,"column":62},"end":{"line":170,"column":null}},"line":33},"4":{"name":"(anonymous_4)","decl":{"start":{"line":42,"column":39},"end":{"line":42,"column":47}},"loc":{"start":{"line":42,"column":56},"end":{"line":42,"column":80}},"line":42},"5":{"name":"(anonymous_5)","decl":{"start":{"line":53,"column":34},"end":{"line":53,"column":39}},"loc":{"start":{"line":53,"column":56},"end":{"line":58,"column":null}},"line":53},"6":{"name":"(anonymous_6)","decl":{"start":{"line":106,"column":35},"end":{"line":106,"column":40}},"loc":{"start":{"line":107,"column":16},"end":{"line":110,"column":null}},"line":107},"7":{"name":"(anonymous_7)","decl":{"start":{"line":133,"column":22},"end":{"line":133,"column":27}},"loc":{"start":{"line":134,"column":14},"end":{"line":134,"column":null}},"line":134},"8":{"name":"(anonymous_8)","decl":{"start":{"line":149,"column":31},"end":{"line":149,"column":36}},"loc":{"start":{"line":150,"column":14},"end":{"line":159,"column":null}},"line":150}},"branchMap":{"0":{"loc":{"start":{"line":23,"column":2},"end":{"line":24,"column":null}},"type":"if","locations":[{"start":{"line":23,"column":2},"end":{"line":24,"column":null}},{"start":{},"end":{}}],"line":23},"1":{"loc":{"start":{"line":37,"column":2},"end":{"line":38,"column":null}},"type":"if","locations":[{"start":{"line":37,"column":2},"end":{"line":38,"column":null}},{"start":{},"end":{}}],"line":37}},"s":{"0":0,"1":0,"2":0,"3":0,"4":0,"5":0,"6":0,"7":0,"8":0,"9":0,"10":0,"11":0,"12":0,"13":0,"14":0,"15":0,"16":0,"17":0,"18":0,"19":0},"f":{"0":0,"1":0,"2":0,"3":0,"4":0,"5":0,"6":0,"7":0,"8":0},"b":{"0":[0,0],"1":[0,0]},"meta":{"lastBranch":2,"lastFunction":9,"lastStatement":20,"seen":{"f:13:22:13:45":0,"s:14:2:16:Infinity":0,"f:14:20:14:25":1,"s:14:39:15:Infinity":1,"f:19:22:19:39":2,"s:20:19:20:Infinity":2,"s:21:8:21:36":3,"b:23:2:24:Infinity:undefined:undefined:undefined:undefined":0,"s:23:2:24:Infinity":4,"s:24:4:24:Infinity":5,"s:27:2:30:Infinity":6,"f:33:30:33:43":3,"s:34:19:34:Infinity":7,"s:35:8:35:36":8,"b:37:2:38:Infinity:undefined:undefined:undefined:undefined":1,"s:37:2:38:Infinity":9,"s:38:4:38:Infinity":10,"s:41:8:41:53":11,"s:42:28:42:80":12,"f:42:39:42:47":4,"s:42:56:42:80":13,"s:44:17:60:Infinity":14,"f:53:34:53:39":5,"s:53:56:58:Infinity":15,"s:62:2:170:Infinity":16,"f:106:35:106:40":6,"s:107:16:110:Infinity":17,"f:133:22:133:27":7,"s:134:14:134:Infinity":18,"f:149:31:149:36":8,"s:150:14:159:Infinity":19}}}
,"/Users/nileshchakraborty/workspace/ksco/src/app/clients/page.tsx": {"path":"/Users/nileshchakraborty/workspace/ksco/src/app/clients/page.tsx","statementMap":{"0":{"start":{"line":7,"column":2},"end":{"line":68,"column":null}},"1":{"start":{"line":29,"column":14},"end":{"line":34,"column":null}},"2":{"start":{"line":47,"column":14},"end":{"line":54,"column":null}},"3":{"start":{"line":61,"column":16},"end":{"line":63,"column":null}}},"fnMap":{"0":{"name":"ClientsPage","decl":{"start":{"line":6,"column":24},"end":{"line":6,"column":38}},"loc":{"start":{"line":6,"column":38},"end":{"line":68,"column":null}},"line":6},"1":{"name":"(anonymous_1)","decl":{"start":{"line":28,"column":33},"end":{"line":28,"column":38}},"loc":{"start":{"line":29,"column":14},"end":{"line":34,"column":null}},"line":29},"2":{"name":"(anonymous_2)","decl":{"start":{"line":46,"column":41},"end":{"line":46,"column":46}},"loc":{"start":{"line":47,"column":14},"end":{"line":54,"column":null}},"line":47},"3":{"name":"(anonymous_3)","decl":{"start":{"line":60,"column":39},"end":{"line":60,"column":44}},"loc":{"start":{"line":61,"column":16},"end":{"line":63,"column":null}},"line":61}},"branchMap":{},"s":{"0":3,"1":9,"2":21,"3":36},"f":{"0":3,"1":9,"2":21,"3":36},"b":{},"meta":{"lastBranch":0,"lastFunction":4,"lastStatement":4,"seen":{"f:6:24:6:38":0,"s:7:2:68:Infinity":0,"f:28:33:28:38":1,"s:29:14:34:Infinity":1,"f:46:41:46:46":2,"s:47:14:54:Infinity":2,"f:60:39:60:44":3,"s:61:16:63:Infinity":3}}}
,"/Users/nileshchakraborty/workspace/ksco/src/app/contact/page.tsx": {"path":"/Users/nileshchakraborty/workspace/ksco/src/app/contact/page.tsx","statementMap":{"0":{"start":{"line":1,"column":0},"end":{"line":1,"column":null}},"1":{"start":{"line":9,"column":21},"end":{"line":13,"column":null}},"2":{"start":{"line":16,"column":28},"end":{"line":16,"column":84}},"3":{"start":{"line":18,"column":2},"end":{"line":184,"column":null}},"4":{"start":{"line":51,"column":18},"end":{"line":61,"column":null}},"5":{"start":{"line":104,"column":37},"end":{"line":104,"column":61}},"6":{"start":{"line":143,"column":26},"end":{"line":143,"column":null}}},"fnMap":{"0":{"name":"ContactPage","decl":{"start":{"line":15,"column":24},"end":{"line":15,"column":38}},"loc":{"start":{"line":15,"column":38},"end":{"line":184,"column":null}},"line":15},"1":{"name":"(anonymous_1)","decl":{"start":{"line":50,"column":43},"end":{"line":50,"column":48}},"loc":{"start":{"line":51,"column":18},"end":{"line":61,"column":null}},"line":51},"2":{"name":"(anonymous_2)","decl":{"start":{"line":104,"column":22},"end":{"line":104,"column":37}},"loc":{"start":{"line":104,"column":37},"end":{"line":104,"column":61}},"line":104},"3":{"name":"(anonymous_3)","decl":{"start":{"line":142,"column":36},"end":{"line":142,"column":41}},"loc":{"start":{"line":143,"column":26},"end":{"line":143,"column":null}},"line":143}},"branchMap":{"0":{"loc":{"start":{"line":96,"column":17},"end":{"line":174,"column":null}},"type":"cond-expr","locations":[{"start":{"line":97,"column":18},"end":{"line":111,"column":19}},{"start":{"line":111,"column":18},"end":{"line":174,"column":null}}],"line":96},"1":{"loc":{"start":{"line":122,"column":25},"end":{"line":122,"column":null}},"type":"binary-expr","locations":[{"start":{"line":122,"column":25},"end":{"line":122,"column":48}},{"start":{"line":122,"column":48},"end":{"line":122,"column":null}}],"line":122},"2":{"loc":{"start":{"line":133,"column":25},"end":{"line":133,"column":null}},"type":"binary-expr","locations":[{"start":{"line":133,"column":25},"end":{"line":133,"column":49}},{"start":{"line":133,"column":49},"end":{"line":133,"column":null}}],"line":133},"3":{"loc":{"start":{"line":147,"column":23},"end":{"line":147,"column":null}},"type":"binary-expr","locations":[{"start":{"line":147,"column":23},"end":{"line":147,"column":47}},{"start":{"line":147,"column":47},"end":{"line":147,"column":null}}],"line":147},"4":{"loc":{"start":{"line":157,"column":23},"end":{"line":157,"column":null}},"type":"binary-expr","locations":[{"start":{"line":157,"column":23},"end":{"line":157,"column":54}},{"start":{"line":157,"column":54},"end":{"line":157,"column":null}}],"line":157},"5":{"loc":{"start":{"line":160,"column":21},"end":{"line":161,"column":null}},"type":"binary-expr","locations":[{"start":{"line":160,"column":21},"end":{"line":160,"column":39}},{"start":{"line":160,"column":39},"end":{"line":160,"column":null}},{"start":{"line":161,"column":22},"end":{"line":161,"column":null}}],"line":160},"6":{"loc":{"start":{"line":169,"column":23},"end":{"line":172,"column":null}},"type":"cond-expr","locations":[{"start":{"line":170,"column":24},"end":{"line":170,"column":null}},{"start":{"line":172,"column":24},"end":{"line":172,"column":null}}],"line":169}},"s":{"0":1,"1":1,"2":3,"3":3,"4":6,"5":0,"6":15},"f":{"0":3,"1":6,"2":0,"3":15},"b":{"0":[0,3],"1":[3,0],"2":[3,0],"3":[3,0],"4":[3,0],"5":[3,0,0],"6":[0,3]},"meta":{"lastBranch":7,"lastFunction":4,"lastStatement":7,"seen":{"s:1:0:1:Infinity":0,"s:9:21:13:Infinity":1,"f:15:24:15:38":0,"s:16:28:16:84":2,"s:18:2:184:Infinity":3,"f:50:43:50:48":1,"s:51:18:61:Infinity":4,"b:97:18:111:19:111:18:174:Infinity":0,"f:104:22:104:37":2,"s:104:37:104:61":5,"b:122:25:122:48:122:48:122:Infinity":1,"b:133:25:133:49:133:49:133:Infinity":2,"f:142:36:142:41":3,"s:143:26:143:Infinity":6,"b:147:23:147:47:147:47:147:Infinity":3,"b:157:23:157:54:157:54:157:Infinity":4,"b:160:21:160:39:160:39:160:Infinity:161:22:161:Infinity":5,"b:170:24:170:Infinity:172:24:172:Infinity":6}}}
,"/Users/nileshchakraborty/workspace/ksco/src/app/media/page.tsx": {"path":"/Users/nileshchakraborty/workspace/ksco/src/app/media/page.tsx","statementMap":{"0":{"start":{"line":6,"column":2},"end":{"line":75,"column":null}},"1":{"start":{"line":28,"column":14},"end":{"line":48,"column":null}},"2":{"start":{"line":60,"column":14},"end":{"line":71,"column":null}}},"fnMap":{"0":{"name":"MediaPage","decl":{"start":{"line":5,"column":24},"end":{"line":5,"column":36}},"loc":{"start":{"line":5,"column":36},"end":{"line":75,"column":null}},"line":5},"1":{"name":"(anonymous_1)","decl":{"start":{"line":27,"column":26},"end":{"line":27,"column":31}},"loc":{"start":{"line":28,"column":14},"end":{"line":48,"column":null}},"line":28},"2":{"name":"(anonymous_2)","decl":{"start":{"line":59,"column":27},"end":{"line":59,"column":32}},"loc":{"start":{"line":60,"column":14},"end":{"line":71,"column":null}},"line":60}},"branchMap":{},"s":{"0":2,"1":8,"2":12},"f":{"0":2,"1":8,"2":12},"b":{},"meta":{"lastBranch":0,"lastFunction":3,"lastStatement":3,"seen":{"f:5:24:5:36":0,"s:6:2:75:Infinity":0,"f:27:26:27:31":1,"s:28:14:48:Infinity":1,"f:59:27:59:32":2,"s:60:14:71:Infinity":2}}}
,"/Users/nileshchakraborty/workspace/ksco/src/app/product/[slug]/page.tsx": {"path":"/Users/nileshchakraborty/workspace/ksco/src/app/product/[slug]/page.tsx","statementMap":{"0":{"start":{"line":14,"column":2},"end":{"line":16,"column":null}},"1":{"start":{"line":14,"column":36},"end":{"line":15,"column":null}},"2":{"start":{"line":20,"column":19},"end":{"line":20,"column":null}},"3":{"start":{"line":21,"column":8},"end":{"line":21,"column":34}},"4":{"start":{"line":23,"column":2},"end":{"line":24,"column":null}},"5":{"start":{"line":24,"column":4},"end":{"line":24,"column":null}},"6":{"start":{"line":27,"column":2},"end":{"line":30,"column":null}},"7":{"start":{"line":34,"column":19},"end":{"line":34,"column":null}},"8":{"start":{"line":35,"column":8},"end":{"line":35,"column":34}},"9":{"start":{"line":37,"column":2},"end":{"line":38,"column":null}},"10":{"start":{"line":38,"column":4},"end":{"line":38,"column":null}},"11":{"start":{"line":41,"column":8},"end":{"line":41,"column":48}},"12":{"start":{"line":42,"column":8},"end":{"line":44,"column":16}},"13":{"start":{"line":43,"column":22},"end":{"line":43,"column":49}},"14":{"start":{"line":46,"column":17},"end":{"line":61,"column":null}},"15":{"start":{"line":63,"column":2},"end":{"line":170,"column":null}},"16":{"start":{"line":117,"column":18},"end":{"line":120,"column":null}},"17":{"start":{"line":129,"column":18},"end":{"line":134,"column":null}},"18":{"start":{"line":148,"column":14},"end":{"line":150,"column":null}},"19":{"start":{"line":166,"column":16},"end":{"line":166,"column":null}}},"fnMap":{"0":{"name":"generateStaticParams","decl":{"start":{"line":13,"column":22},"end":{"line":13,"column":45}},"loc":{"start":{"line":13,"column":45},"end":{"line":16,"column":null}},"line":13},"1":{"name":"(anonymous_1)","decl":{"start":{"line":14,"column":18},"end":{"line":14,"column":23}},"loc":{"start":{"line":14,"column":36},"end":{"line":15,"column":null}},"line":14},"2":{"name":"generateMetadata","decl":{"start":{"line":19,"column":22},"end":{"line":19,"column":39}},"loc":{"start":{"line":19,"column":77},"end":{"line":30,"column":null}},"line":19},"3":{"name":"ProductPage","decl":{"start":{"line":33,"column":30},"end":{"line":33,"column":42}},"loc":{"start":{"line":33,"column":61},"end":{"line":170,"column":null}},"line":33},"4":{"name":"(anonymous_4)","decl":{"start":{"line":43,"column":5},"end":{"line":43,"column":13}},"loc":{"start":{"line":43,"column":22},"end":{"line":43,"column":49}},"line":43},"5":{"name":"(anonymous_5)","decl":{"start":{"line":116,"column":56},"end":{"line":116,"column":61}},"loc":{"start":{"line":117,"column":18},"end":{"line":120,"column":null}},"line":117},"6":{"name":"(anonymous_6)","decl":{"start":{"line":128,"column":34},"end":{"line":128,"column":39}},"loc":{"start":{"line":129,"column":18},"end":{"line":134,"column":null}},"line":129},"7":{"name":"(anonymous_7)","decl":{"start":{"line":147,"column":34},"end":{"line":147,"column":39}},"loc":{"start":{"line":148,"column":14},"end":{"line":150,"column":null}},"line":148},"8":{"name":"(anonymous_8)","decl":{"start":{"line":165,"column":23},"end":{"line":165,"column":28}},"loc":{"start":{"line":166,"column":16},"end":{"line":166,"column":null}},"line":166}},"branchMap":{"0":{"loc":{"start":{"line":23,"column":2},"end":{"line":24,"column":null}},"type":"if","locations":[{"start":{"line":23,"column":2},"end":{"line":24,"column":null}},{"start":{},"end":{}}],"line":23},"1":{"loc":{"start":{"line":37,"column":2},"end":{"line":38,"column":null}},"type":"if","locations":[{"start":{"line":37,"column":2},"end":{"line":38,"column":null}},{"start":{},"end":{}}],"line":37},"2":{"loc":{"start":{"line":85,"column":13},"end":{"line":87,"column":null}},"type":"binary-expr","locations":[{"start":{"line":85,"column":13},"end":{"line":85,"column":null}},{"start":{"line":86,"column":14},"end":{"line":87,"column":null}}],"line":85},"3":{"loc":{"start":{"line":157,"column":7},"end":{"line":170,"column":null}},"type":"binary-expr","locations":[{"start":{"line":157,"column":7},"end":{"line":157,"column":null}},{"start":{"line":158,"column":8},"end":{"line":170,"column":null}}],"line":157}},"s":{"0":0,"1":0,"2":0,"3":0,"4":0,"5":0,"6":0,"7":0,"8":0,"9":0,"10":0,"11":0,"12":0,"13":0,"14":0,"15":0,"16":0,"17":0,"18":0,"19":0},"f":{"0":0,"1":0,"2":0,"3":0,"4":0,"5":0,"6":0,"7":0,"8":0},"b":{"0":[0,0],"1":[0,0],"2":[0,0],"3":[0,0]},"meta":{"lastBranch":4,"lastFunction":9,"lastStatement":20,"seen":{"f:13:22:13:45":0,"s:14:2:16:Infinity":0,"f:14:18:14:23":1,"s:14:36:15:Infinity":1,"f:19:22:19:39":2,"s:20:19:20:Infinity":2,"s:21:8:21:34":3,"b:23:2:24:Infinity:undefined:undefined:undefined:undefined":0,"s:23:2:24:Infinity":4,"s:24:4:24:Infinity":5,"s:27:2:30:Infinity":6,"f:33:30:33:42":3,"s:34:19:34:Infinity":7,"s:35:8:35:34":8,"b:37:2:38:Infinity:undefined:undefined:undefined:undefined":1,"s:37:2:38:Infinity":9,"s:38:4:38:Infinity":10,"s:41:8:41:48":11,"s:42:8:44:16":12,"f:43:5:43:13":4,"s:43:22:43:49":13,"s:46:17:61:Infinity":14,"s:63:2:170:Infinity":15,"b:85:13:85:Infinity:86:14:87:Infinity":2,"f:116:56:116:61":5,"s:117:18:120:Infinity":16,"f:128:34:128:39":6,"s:129:18:134:Infinity":17,"f:147:34:147:39":7,"s:148:14:150:Infinity":18,"b:157:7:157:Infinity:158:8:170:Infinity":3,"f:165:23:165:28":8,"s:166:16:166:Infinity":19}}}
,"/Users/nileshchakraborty/workspace/ksco/src/app/services/page.tsx": {"path":"/Users/nileshchakraborty/workspace/ksco/src/app/services/page.tsx","statementMap":{"0":{"start":{"line":6,"column":16},"end":{"line":11,"column":null}},"1":{"start":{"line":14,"column":2},"end":{"line":76,"column":null}},"2":{"start":{"line":43,"column":25},"end":{"line":43,"column":null}},"3":{"start":{"line":44,"column":12},"end":{"line":56,"column":null}}},"fnMap":{"0":{"name":"ServicesPage","decl":{"start":{"line":13,"column":24},"end":{"line":13,"column":39}},"loc":{"start":{"line":13,"column":39},"end":{"line":76,"column":null}},"line":13},"1":{"name":"(anonymous_1)","decl":{"start":{"line":42,"column":20},"end":{"line":42,"column":25}},"loc":{"start":{"line":42,"column":37},"end":{"line":56,"column":null}},"line":42}},"branchMap":{"0":{"loc":{"start":{"line":43,"column":25},"end":{"line":43,"column":null}},"type":"binary-expr","locations":[{"start":{"line":43,"column":25},"end":{"line":43,"column":74}},{"start":{"line":43,"column":74},"end":{"line":43,"column":null}}],"line":43}},"s":{"0":1,"1":3,"2":12,"3":12},"f":{"0":3,"1":12},"b":{"0":[12,0]},"meta":{"lastBranch":1,"lastFunction":2,"lastStatement":4,"seen":{"s:6:16:11:Infinity":0,"f:13:24:13:39":0,"s:14:2:76:Infinity":1,"f:42:20:42:25":1,"s:43:25:43:Infinity":2,"b:43:25:43:74:43:74:43:Infinity":0,"s:44:12:56:Infinity":3}}}
,"/Users/nileshchakraborty/workspace/ksco/src/components/Footer.tsx": {"path":"/Users/nileshchakraborty/workspace/ksco/src/components/Footer.tsx","statementMap":{"0":{"start":{"line":6,"column":2},"end":{"line":76,"column":null}},"1":{"start":{"line":29,"column":18},"end":{"line":33,"column":null}},"2":{"start":{"line":42,"column":18},"end":{"line":46,"column":null}}},"fnMap":{"0":{"name":"Footer","decl":{"start":{"line":5,"column":24},"end":{"line":5,"column":33}},"loc":{"start":{"line":5,"column":33},"end":{"line":76,"column":null}},"line":5},"1":{"name":"(anonymous_1)","decl":{"start":{"line":28,"column":28},"end":{"line":28,"column":33}},"loc":{"start":{"line":29,"column":18},"end":{"line":33,"column":null}},"line":29},"2":{"name":"(anonymous_2)","decl":{"start":{"line":41,"column":35},"end":{"line":41,"column":40}},"loc":{"start":{"line":42,"column":18},"end":{"line":46,"column":null}},"line":42}},"branchMap":{},"s":{"0":3,"1":15,"2":15},"f":{"0":3,"1":15,"2":15},"b":{},"meta":{"lastBranch":0,"lastFunction":3,"lastStatement":3,"seen":{"f:5:24:5:33":0,"s:6:2:76:Infinity":0,"f:28:28:28:33":1,"s:29:18:33:Infinity":1,"f:41:35:41:40":2,"s:42:18:46:Infinity":2}}}
,"/Users/nileshchakraborty/workspace/ksco/src/components/Header.tsx": {"path":"/Users/nileshchakraborty/workspace/ksco/src/components/Header.tsx","statementMap":{"0":{"start":{"line":1,"column":0},"end":{"line":1,"column":null}},"1":{"start":{"line":12,"column":6},"end":{"line":155,"column":null}},"2":{"start":{"line":13,"column":17},"end":{"line":13,"column":45}},"3":{"start":{"line":14,"column":21},"end":{"line":14,"column":53}},"4":{"start":{"line":15,"column":8},"end":{"line":15,"column":32}},"5":{"start":{"line":16,"column":23},"end":{"line":16,"column":156}},"6":{"start":{"line":17,"column":29},"end":{"line":17,"column":null}},"7":{"start":{"line":19,"column":2},"end":{"line":25,"column":null}},"8":{"start":{"line":20,"column":10},"end":{"line":21,"column":null}},"9":{"start":{"line":21,"column":6},"end":{"line":21,"column":null}},"10":{"start":{"line":23,"column":4},"end":{"line":23,"column":null}},"11":{"start":{"line":24,"column":4},"end":{"line":24,"column":null}},"12":{"start":{"line":24,"column":17},"end":{"line":24,"column":67}},"13":{"start":{"line":27,"column":2},"end":{"line":155,"column":null}},"14":{"start":{"line":51,"column":14},"end":{"line":63,"column":null}},"15":{"start":{"line":71,"column":18},"end":{"line":77,"column":null}},"16":{"start":{"line":97,"column":25},"end":{"line":97,"column":43}},"17":{"start":{"line":119,"column":18},"end":{"line":130,"column":null}},"18":{"start":{"line":122,"column":37},"end":{"line":122,"column":53}},"19":{"start":{"line":133,"column":55},"end":{"line":133,"column":71}},"20":{"start":{"line":143,"column":20},"end":{"line":148,"column":null}},"21":{"start":{"line":144,"column":72},"end":{"line":144,"column":88}}},"fnMap":{"0":{"name":"(anonymous_0)","decl":{"start":{"line":12,"column":6},"end":{"line":12,"column":21}},"loc":{"start":{"line":12,"column":21},"end":{"line":155,"column":null}},"line":12},"1":{"name":"(anonymous_1)","decl":{"start":{"line":19,"column":2},"end":{"line":19,"column":18}},"loc":{"start":{"line":19,"column":18},"end":{"line":25,"column":7}},"line":19},"2":{"name":"(anonymous_2)","decl":{"start":{"line":20,"column":10},"end":{"line":20,"column":31}},"loc":{"start":{"line":20,"column":31},"end":{"line":21,"column":null}},"line":20},"3":{"name":"(anonymous_3)","decl":{"start":{"line":24,"column":4},"end":{"line":24,"column":17}},"loc":{"start":{"line":24,"column":17},"end":{"line":24,"column":67}},"line":24},"4":{"name":"(anonymous_4)","decl":{"start":{"line":50,"column":31},"end":{"line":50,"column":36}},"loc":{"start":{"line":51,"column":14},"end":{"line":63,"column":null}},"line":51},"5":{"name":"(anonymous_5)","decl":{"start":{"line":70,"column":28},"end":{"line":70,"column":33}},"loc":{"start":{"line":71,"column":18},"end":{"line":77,"column":null}},"line":71},"6":{"name":"(anonymous_6)","decl":{"start":{"line":97,"column":10},"end":{"line":97,"column":25}},"loc":{"start":{"line":97,"column":25},"end":{"line":97,"column":43}},"line":97},"7":{"name":"(anonymous_7)","decl":{"start":{"line":118,"column":35},"end":{"line":118,"column":40}},"loc":{"start":{"line":119,"column":18},"end":{"line":130,"column":null}},"line":119},"8":{"name":"(anonymous_8)","decl":{"start":{"line":122,"column":22},"end":{"line":122,"column":37}},"loc":{"start":{"line":122,"column":37},"end":{"line":122,"column":53}},"line":122},"9":{"name":"(anonymous_9)","decl":{"start":{"line":133,"column":40},"end":{"line":133,"column":55}},"loc":{"start":{"line":133,"column":55},"end":{"line":133,"column":71}},"line":133},"10":{"name":"(anonymous_10)","decl":{"start":{"line":142,"column":30},"end":{"line":142,"column":35}},"loc":{"start":{"line":143,"column":20},"end":{"line":148,"column":null}},"line":143},"11":{"name":"(anonymous_11)","decl":{"start":{"line":144,"column":57},"end":{"line":144,"column":72}},"loc":{"start":{"line":144,"column":72},"end":{"line":144,"column":88}},"line":144}},"branchMap":{"0":{"loc":{"start":{"line":16,"column":23},"end":{"line":16,"column":156}},"type":"binary-expr","locations":[{"start":{"line":16,"column":23},"end":{"line":16,"column":43}},{"start":{"line":16,"column":43},"end":{"line":16,"column":68}},{"start":{"line":16,"column":68},"end":{"line":16,"column":96}},{"start":{"line":16,"column":96},"end":{"line":16,"column":123}},{"start":{"line":16,"column":123},"end":{"line":16,"column":156}}],"line":16},"1":{"loc":{"start":{"line":17,"column":29},"end":{"line":17,"column":null}},"type":"binary-expr","locations":[{"start":{"line":17,"column":29},"end":{"line":17,"column":45}},{"start":{"line":17,"column":45},"end":{"line":17,"column":null}}],"line":17},"2":{"loc":{"start":{"line":31,"column":8},"end":{"line":33,"column":null}},"type":"cond-expr","locations":[{"start":{"line":32,"column":12},"end":{"line":32,"column":null}},{"start":{"line":33,"column":12},"end":{"line":33,"column":null}}],"line":31},"3":{"loc":{"start":{"line":41,"column":12},"end":{"line":41,"column":null}},"type":"cond-expr","locations":[{"start":{"line":41,"column":33},"end":{"line":41,"column":48}},{"start":{"line":41,"column":48},"end":{"line":41,"column":null}}],"line":41},"4":{"loc":{"start":{"line":56,"column":20},"end":{"line":58,"column":null}},"type":"cond-expr","locations":[{"start":{"line":57,"column":24},"end":{"line":57,"column":null}},{"start":{"line":58,"column":24},"end":{"line":58,"column":null}}],"line":56},"5":{"loc":{"start":{"line":57,"column":24},"end":{"line":57,"column":null}},"type":"cond-expr","locations":[{"start":{"line":57,"column":45},"end":{"line":57,"column":60}},{"start":{"line":57,"column":60},"end":{"line":57,"column":null}}],"line":57},"6":{"loc":{"start":{"line":58,"column":24},"end":{"line":58,"column":null}},"type":"cond-expr","locations":[{"start":{"line":58,"column":45},"end":{"line":58,"column":64}},{"start":{"line":58,"column":64},"end":{"line":58,"column":null}}],"line":58},"7":{"loc":{"start":{"line":86,"column":14},"end":{"line":88,"column":null}},"type":"cond-expr","locations":[{"start":{"line":87,"column":18},"end":{"line":87,"column":null}},{"start":{"line":88,"column":18},"end":{"line":88,"column":null}}],"line":86},"8":{"loc":{"start":{"line":100,"column":12},"end":{"line":100,"column":null}},"type":"cond-expr","locations":[{"start":{"line":100,"column":33},"end":{"line":100,"column":48}},{"start":{"line":100,"column":48},"end":{"line":100,"column":null}}],"line":100},"9":{"loc":{"start":{"line":103,"column":11},"end":{"line":103,"column":null}},"type":"cond-expr","locations":[{"start":{"line":103,"column":20},"end":{"line":103,"column":49}},{"start":{"line":103,"column":48},"end":{"line":103,"column":null}}],"line":103},"10":{"loc":{"start":{"line":109,"column":9},"end":{"line":155,"column":null}},"type":"binary-expr","locations":[{"start":{"line":109,"column":9},"end":{"line":109,"column":null}},{"start":{"line":110,"column":10},"end":{"line":155,"column":null}}],"line":109},"11":{"loc":{"start":{"line":125,"column":24},"end":{"line":125,"column":null}},"type":"cond-expr","locations":[{"start":{"line":125,"column":49},"end":{"line":125,"column":67}},{"start":{"line":125,"column":67},"end":{"line":125,"column":null}}],"line":125}},"s":{"0":1,"1":1,"2":4,"3":4,"4":4,"5":4,"6":4,"7":4,"8":3,"9":0,"10":3,"11":3,"12":3,"13":4,"14":20,"15":20,"16":1,"17":5,"18":0,"19":0,"20":5,"21":0},"f":{"0":4,"1":3,"2":0,"3":3,"4":20,"5":20,"6":1,"7":5,"8":0,"9":0,"10":5,"11":0},"b":{"0":[4,0,0,0,0],"1":[4,4],"2":[0,4],"3":[4,0],"4":[4,16],"5":[4,0],"6":[16,0],"7":[4,0],"8":[4,0],"9":[1,3],"10":[4,1],"11":[1,4]},"meta":{"lastBranch":12,"lastFunction":12,"lastStatement":22,"seen":{"s:1:0:1:Infinity":0,"s:12:6:155:Infinity":1,"f:12:6:12:21":0,"s:13:17:13:45":2,"s:14:21:14:53":3,"s:15:8:15:32":4,"s:16:23:16:156":5,"b:16:23:16:43:16:43:16:68:16:68:16:96:16:96:16:123:16:123:16:156":0,"s:17:29:17:Infinity":6,"b:17:29:17:45:17:45:17:Infinity":1,"s:19:2:25:Infinity":7,"f:19:2:19:18":1,"s:20:10:21:Infinity":8,"f:20:10:20:31":2,"s:21:6:21:Infinity":9,"s:23:4:23:Infinity":10,"s:24:4:24:Infinity":11,"f:24:4:24:17":3,"s:24:17:24:67":12,"s:27:2:155:Infinity":13,"b:32:12:32:Infinity:33:12:33:Infinity":2,"b:41:33:41:48:41:48:41:Infinity":3,"f:50:31:50:36":4,"s:51:14:63:Infinity":14,"b:57:24:57:Infinity:58:24:58:Infinity":4,"b:57:45:57:60:57:60:57:Infinity":5,"b:58:45:58:64:58:64:58:Infinity":6,"f:70:28:70:33":5,"s:71:18:77:Infinity":15,"b:87:18:87:Infinity:88:18:88:Infinity":7,"f:97:10:97:25":6,"s:97:25:97:43":16,"b:100:33:100:48:100:48:100:Infinity":8,"b:103:20:103:49:103:48:103:Infinity":9,"b:109:9:109:Infinity:110:10:155:Infinity":10,"f:118:35:118:40":7,"s:119:18:130:Infinity":17,"f:122:22:122:37":8,"s:122:37:122:53":18,"b:125:49:125:67:125:67:125:Infinity":11,"f:133:40:133:55":9,"s:133:55:133:71":19,"f:142:30:142:35":10,"s:143:20:148:Infinity":20,"f:144:57:144:72":11,"s:144:72:144:88":21}}}
,"/Users/nileshchakraborty/workspace/ksco/src/components/ProductCard.tsx": {"path":"/Users/nileshchakraborty/workspace/ksco/src/components/ProductCard.tsx","statementMap":{"0":{"start":{"line":1,"column":0},"end":{"line":1,"column":null}},"1":{"start":{"line":14,"column":2},"end":{"line":54,"column":null}}},"fnMap":{"0":{"name":"ProductCard","decl":{"start":{"line":13,"column":24},"end":{"line":13,"column":36}},"loc":{"start":{"line":13,"column":84},"end":{"line":54,"column":null}},"line":13}},"branchMap":{"0":{"loc":{"start":{"line":13,"column":47},"end":{"line":13,"column":84}},"type":"default-arg","locations":[{"start":{"line":13,"column":57},"end":{"line":13,"column":84}}],"line":13},"1":{"loc":{"start":{"line":22,"column":24},"end":{"line":22,"column":null}},"type":"cond-expr","locations":[{"start":{"line":22,"column":34},"end":{"line":22,"column":82}},{"start":{"line":22,"column":82},"end":{"line":22,"column":null}}],"line":22},"2":{"loc":{"start":{"line":26,"column":25},"end":{"line":26,"column":null}},"type":"cond-expr","locations":[{"start":{"line":26,"column":35},"end":{"line":26,"column":159}},{"start":{"line":26,"column":159},"end":{"line":26,"column":null}}],"line":26},"3":{"loc":{"start":{"line":35,"column":24},"end":{"line":35,"column":null}},"type":"cond-expr","locations":[{"start":{"line":35,"column":34},"end":{"line":35,"column":96}},{"start":{"line":35,"column":96},"end":{"line":35,"column":null}}],"line":35}},"s":{"0":2,"1":33},"f":{"0":33},"b":{"0":[33],"1":[0,33],"2":[0,33],"3":[0,33]},"meta":{"lastBranch":4,"lastFunction":1,"lastStatement":2,"seen":{"s:1:0:1:Infinity":0,"f:13:24:13:36":0,"b:13:57:13:84":0,"s:14:2:54:Infinity":1,"b:22:34:22:82:22:82:22:Infinity":1,"b:26:35:26:159:26:159:26:Infinity":2,"b:35:34:35:96:35:96:35:Infinity":3}}}
,"/Users/nileshchakraborty/workspace/ksco/src/components/SpecsSearch.tsx": {"path":"/Users/nileshchakraborty/workspace/ksco/src/components/SpecsSearch.tsx","statementMap":{"0":{"start":{"line":1,"column":0},"end":{"line":1,"column":null}},"1":{"start":{"line":11,"column":16},"end":{"line":11,"column":40}},"2":{"start":{"line":12,"column":17},"end":{"line":12,"column":45}},"3":{"start":{"line":14,"column":8},"end":{"line":31,"column":13}},"4":{"start":{"line":15,"column":4},"end":{"line":15,"column":null}},"5":{"start":{"line":15,"column":23},"end":{"line":15,"column":null}},"6":{"start":{"line":17,"column":24},"end":{"line":17,"column":54}},"7":{"start":{"line":19,"column":4},"end":{"line":30,"column":null}},"8":{"start":{"line":20,"column":29},"end":{"line":27,"column":31}},"9":{"start":{"line":29,"column":6},"end":{"line":29,"column":null}},"10":{"start":{"line":29,"column":39},"end":{"line":29,"column":68}},"11":{"start":{"line":33,"column":2},"end":{"line":133,"column":null}},"12":{"start":{"line":48,"column":12},"end":{"line":48,"column":null}},"13":{"start":{"line":49,"column":12},"end":{"line":49,"column":null}},"14":{"start":{"line":51,"column":25},"end":{"line":51,"column":40}},"15":{"start":{"line":57,"column":27},"end":{"line":57,"column":39}},"16":{"start":{"line":73,"column":27},"end":{"line":73,"column":null}},"17":{"start":{"line":85,"column":18},"end":{"line":112,"column":null}},"18":{"start":{"line":88,"column":35},"end":{"line":88,"column":51}},"19":{"start":{"line":108,"column":80},"end":{"line":108,"column":93}}},"fnMap":{"0":{"name":"SpecsSearch","decl":{"start":{"line":10,"column":24},"end":{"line":10,"column":38}},"loc":{"start":{"line":10,"column":38},"end":{"line":133,"column":null}},"line":10},"1":{"name":"(anonymous_1)","decl":{"start":{"line":14,"column":27},"end":{"line":14,"column":41}},"loc":{"start":{"line":14,"column":41},"end":{"line":31,"column":6}},"line":14},"2":{"name":"(anonymous_2)","decl":{"start":{"line":19,"column":20},"end":{"line":19,"column":28}},"loc":{"start":{"line":19,"column":40},"end":{"line":30,"column":7}},"line":19},"3":{"name":"(anonymous_3)","decl":{"start":{"line":29,"column":25},"end":{"line":29,"column":31}},"loc":{"start":{"line":29,"column":39},"end":{"line":29,"column":68}},"line":29},"4":{"name":"(anonymous_4)","decl":{"start":{"line":47,"column":10},"end":{"line":47,"column":21}},"loc":{"start":{"line":47,"column":27},"end":{"line":49,"column":null}},"line":47},"5":{"name":"(anonymous_5)","decl":{"start":{"line":51,"column":10},"end":{"line":51,"column":25}},"loc":{"start":{"line":51,"column":25},"end":{"line":51,"column":40}},"line":51},"6":{"name":"(anonymous_6)","decl":{"start":{"line":57,"column":12},"end":{"line":57,"column":27}},"loc":{"start":{"line":57,"column":27},"end":{"line":57,"column":39}},"line":57},"7":{"name":"(anonymous_7)","decl":{"start":{"line":73,"column":12},"end":{"line":73,"column":27}},"loc":{"start":{"line":73,"column":27},"end":{"line":73,"column":null}},"line":73},"8":{"name":"(anonymous_8)","decl":{"start":{"line":84,"column":34},"end":{"line":84,"column":39}},"loc":{"start":{"line":85,"column":18},"end":{"line":112,"column":null}},"line":85},"9":{"name":"(anonymous_9)","decl":{"start":{"line":88,"column":20},"end":{"line":88,"column":35}},"loc":{"start":{"line":88,"column":35},"end":{"line":88,"column":51}},"line":88},"10":{"name":"(anonymous_10)","decl":{"start":{"line":108,"column":64},"end":{"line":108,"column":69}},"loc":{"start":{"line":108,"column":80},"end":{"line":108,"column":93}},"line":108}},"branchMap":{"0":{"loc":{"start":{"line":15,"column":4},"end":{"line":15,"column":null}},"type":"if","locations":[{"start":{"line":15,"column":4},"end":{"line":15,"column":null}},{"start":{},"end":{}}],"line":15},"1":{"loc":{"start":{"line":38,"column":10},"end":{"line":38,"column":null}},"type":"cond-expr","locations":[{"start":{"line":38,"column":19},"end":{"line":38,"column":73}},{"start":{"line":38,"column":73},"end":{"line":38,"column":null}}],"line":38},"2":{"loc":{"start":{"line":55,"column":9},"end":{"line":61,"column":null}},"type":"binary-expr","locations":[{"start":{"line":55,"column":9},"end":{"line":55,"column":null}},{"start":{"line":56,"column":10},"end":{"line":61,"column":null}}],"line":55},"3":{"loc":{"start":{"line":69,"column":7},"end":{"line":133,"column":null}},"type":"binary-expr","locations":[{"start":{"line":69,"column":7},"end":{"line":69,"column":17}},{"start":{"line":69,"column":17},"end":{"line":69,"column":29}},{"start":{"line":70,"column":8},"end":{"line":133,"column":null}}],"line":69},"4":{"loc":{"start":{"line":82,"column":13},"end":{"line":118,"column":null}},"type":"cond-expr","locations":[{"start":{"line":83,"column":14},"end":{"line":116,"column":15}},{"start":{"line":116,"column":14},"end":{"line":118,"column":null}}],"line":82},"5":{"loc":{"start":{"line":122,"column":13},"end":{"line":130,"column":null}},"type":"binary-expr","locations":[{"start":{"line":122,"column":13},"end":{"line":122,"column":null}},{"start":{"line":123,"column":14},"end":{"line":130,"column":null}}],"line":122}},"s":{"0":2,"1":13,"2":13,"3":13,"4":13,"5":10,"6":3,"7":3,"8":69,"9":69,"10":69,"11":13,"12":3,"13":3,"14":0,"15":1,"16":0,"17":10,"18":0,"19":30},"f":{"0":13,"1":13,"2":69,"3":69,"4":3,"5":0,"6":1,"7":0,"8":10,"9":0,"10":30},"b":{"0":[10,3],"1":[4,9],"2":[13,3],"3":[13,4,3],"4":[2,1],"5":[3,2]},"meta":{"lastBranch":6,"lastFunction":11,"lastStatement":20,"seen":{"s:1:0:1:Infinity":0,"f:10:24:10:38":0,"s:11:16:11:40":1,"s:12:17:12:45":2,"s:14:8:31:13":3,"f:14:27:14:41":1,"b:15:4:15:Infinity:undefined:undefined:undefined:undefined":0,"s:15:4:15:Infinity":4,"s:15:23:15:Infinity":5,"s:17:24:17:54":6,"s:19:4:30:Infinity":7,"f:19:20:19:28":2,"s:20:29:27:31":8,"s:29:6:29:Infinity":9,"f:29:25:29:31":3,"s:29:39:29:68":10,"s:33:2:133:Infinity":11,"b:38:19:38:73:38:73:38:Infinity":1,"f:47:10:47:21":4,"s:48:12:48:Infinity":12,"s:49:12:49:Infinity":13,"f:51:10:51:25":5,"s:51:25:51:40":14,"b:55:9:55:Infinity:56:10:61:Infinity":2,"f:57:12:57:27":6,"s:57:27:57:39":15,"b:69:7:69:17:69:17:69:29:70:8:133:Infinity":3,"f:73:12:73:27":7,"s:73:27:73:Infinity":16,"b:83:14:116:15:116:14:118:Infinity":4,"f:84:34:84:39":8,"s:85:18:112:Infinity":17,"f:88:20:88:35":9,"s:88:35:88:51":18,"f:108:64:108:69":10,"s:108:80:108:93":19,"b:122:13:122:Infinity:123:14:130:Infinity":5}}}
,"/Users/nileshchakraborty/workspace/ksco/src/lib/catalog.ts": {"path":"/Users/nileshchakraborty/workspace/ksco/src/lib/catalog.ts","statementMap":{"0":{"start":{"line":77,"column":23},"end":{"line":77,"column":null}},"1":{"start":{"line":94,"column":26},"end":{"line":94,"column":null}},"2":{"start":{"line":95,"column":24},"end":{"line":95,"column":null}},"3":{"start":{"line":97,"column":26},"end":{"line":97,"column":null}},"4":{"start":{"line":102,"column":20},"end":{"line":102,"column":null}},"5":{"start":{"line":143,"column":21},"end":{"line":143,"column":null}},"6":{"start":{"line":148,"column":24},"end":{"line":148,"column":null}},"7":{"start":{"line":152,"column":24},"end":{"line":152,"column":null}},"8":{"start":{"line":155,"column":2},"end":{"line":155,"column":null}},"9":{"start":{"line":155,"column":39},"end":{"line":155,"column":66}},"10":{"start":{"line":159,"column":2},"end":{"line":159,"column":null}},"11":{"start":{"line":159,"column":36},"end":{"line":159,"column":58}},"12":{"start":{"line":163,"column":2},"end":{"line":163,"column":null}},"13":{"start":{"line":163,"column":38},"end":{"line":163,"column":70}},"14":{"start":{"line":167,"column":20},"end":{"line":176,"column":null}},"15":{"start":{"line":178,"column":2},"end":{"line":181,"column":null}},"16":{"start":{"line":179,"column":19},"end":{"line":179,"column":35}},"17":{"start":{"line":180,"column":45},"end":{"line":180,"column":61}}},"fnMap":{"0":{"name":"getCategory","decl":{"start":{"line":154,"column":16},"end":{"line":154,"column":28}},"loc":{"start":{"line":154,"column":48},"end":{"line":155,"column":null}},"line":154},"1":{"name":"(anonymous_1)","decl":{"start":{"line":155,"column":20},"end":{"line":155,"column":26}},"loc":{"start":{"line":155,"column":39},"end":{"line":155,"column":66}},"line":155},"2":{"name":"getProduct","decl":{"start":{"line":158,"column":16},"end":{"line":158,"column":27}},"loc":{"start":{"line":158,"column":41},"end":{"line":159,"column":null}},"line":158},"3":{"name":"(anonymous_3)","decl":{"start":{"line":159,"column":18},"end":{"line":159,"column":24}},"loc":{"start":{"line":159,"column":36},"end":{"line":159,"column":58}},"line":159},"4":{"name":"getProductsByCategory","decl":{"start":{"line":162,"column":16},"end":{"line":162,"column":38}},"loc":{"start":{"line":162,"column":58},"end":{"line":163,"column":null}},"line":162},"5":{"name":"(anonymous_5)","decl":{"start":{"line":163,"column":18},"end":{"line":163,"column":26}},"loc":{"start":{"line":163,"column":38},"end":{"line":163,"column":70}},"line":163},"6":{"name":"getFeaturedProducts","decl":{"start":{"line":166,"column":16},"end":{"line":166,"column":36}},"loc":{"start":{"line":166,"column":47},"end":{"line":181,"column":null}},"line":166},"7":{"name":"(anonymous_7)","decl":{"start":{"line":179,"column":5},"end":{"line":179,"column":10}},"loc":{"start":{"line":179,"column":19},"end":{"line":179,"column":35}},"line":179},"8":{"name":"(anonymous_8)","decl":{"start":{"line":180,"column":5},"end":{"line":180,"column":13}},"loc":{"start":{"line":180,"column":45},"end":{"line":180,"column":61}},"line":180}},"branchMap":{"0":{"loc":{"start":{"line":166,"column":36},"end":{"line":166,"column":47}},"type":"default-arg","locations":[{"start":{"line":166,"column":44},"end":{"line":166,"column":47}}],"line":166}},"s":{"0":10,"1":10,"2":10,"3":10,"4":10,"5":10,"6":10,"7":10,"8":2,"9":6,"10":50,"11":770,"12":27,"13":621,"14":6,"15":6,"16":48,"17":48},"f":{"0":2,"1":6,"2":50,"3":770,"4":27,"5":621,"6":6,"7":48,"8":48},"b":{"0":[6]},"meta":{"lastBranch":1,"lastFunction":9,"lastStatement":18,"seen":{"s:77:23:77:Infinity":0,"s:94:26:94:Infinity":1,"s:95:24:95:Infinity":2,"s:97:26:97:Infinity":3,"s:102:20:102:Infinity":4,"s:143:21:143:Infinity":5,"s:148:24:148:Infinity":6,"s:152:24:152:Infinity":7,"f:154:16:154:28":0,"s:155:2:155:Infinity":8,"f:155:20:155:26":1,"s:155:39:155:66":9,"f:158:16:158:27":2,"s:159:2:159:Infinity":10,"f:159:18:159:24":3,"s:159:36:159:58":11,"f:162:16:162:38":4,"s:163:2:163:Infinity":12,"f:163:18:163:26":5,"s:163:38:163:70":13,"f:166:16:166:36":6,"b:166:44:166:47":0,"s:167:20:176:Infinity":14,"s:178:2:181:Infinity":15,"f:179:5:179:10":7,"s:179:19:179:35":16,"f:180:5:180:13":8,"s:180:45:180:61":17}}}
,"/Users/nileshchakraborty/workspace/ksco/src/lib/utils.ts": {"path":"/Users/nileshchakraborty/workspace/ksco/src/lib/utils.ts","statementMap":{"0":{"start":{"line":5,"column":2},"end":{"line":5,"column":null}}},"fnMap":{"0":{"name":"cn","decl":{"start":{"line":4,"column":16},"end":{"line":4,"column":19}},"loc":{"start":{"line":4,"column":44},"end":{"line":5,"column":null}},"line":4}},"branchMap":{},"s":{"0":104},"f":{"0":104},"b":{},"meta":{"lastBranch":0,"lastFunction":1,"lastStatement":1,"seen":{"f:4:16:4:19":0,"s:5:2:5:Infinity":0}}}
}
