{"/Users/nileshchakraborty/workspace/ksco/src/proxy.ts": {"path":"/Users/nileshchakraborty/workspace/ksco/src/proxy.ts","statementMap":{"0":{"start":{"line":5,"column":19},"end":{"line":5,"column":null}},"1":{"start":{"line":6,"column":17},"end":{"line":6,"column":null}},"2":{"start":{"line":8,"column":2},"end":{"line":20,"column":null}},"3":{"start":{"line":9,"column":10},"end":{"line":9,"column":49}},"4":{"start":{"line":11,"column":4},"end":{"line":20,"column":null}},"5":{"start":{"line":12,"column":6},"end":{"line":20,"column":null}},"6":{"start":{"line":24,"column":2},"end":{"line":28,"column":null}},"7":{"start":{"line":25,"column":21},"end":{"line":25,"column":40}},"8":{"start":{"line":26,"column":4},"end":{"line":26,"column":null}},"9":{"start":{"line":27,"column":4},"end":{"line":27,"column":null}},"10":{"start":{"line":28,"column":4},"end":{"line":28,"column":null}},"11":{"start":{"line":31,"column":2},"end":{"line":31,"column":null}},"12":{"start":{"line":34,"column":22},"end":{"line":35,"column":null}}},"fnMap":{"0":{"name":"proxy","decl":{"start":{"line":4,"column":16},"end":{"line":4,"column":22}},"loc":{"start":{"line":4,"column":44},"end":{"line":31,"column":null}},"line":4}},"branchMap":{"0":{"loc":{"start":{"line":6,"column":17},"end":{"line":6,"column":null}},"type":"binary-expr","locations":[{"start":{"line":6,"column":17},"end":{"line":6,"column":46}},{"start":{"line":6,"column":50},"end":{"line":6,"column":null}}],"line":6},"1":{"loc":{"start":{"line":8,"column":2},"end":{"line":20,"column":null}},"type":"if","locations":[{"start":{"line":8,"column":2},"end":{"line":20,"column":null}},{"start":{},"end":{}}],"line":8},"2":{"loc":{"start":{"line":11,"column":4},"end":{"line":20,"column":null}},"type":"if","locations":[{"start":{"line":11,"column":4},"end":{"line":20,"column":null}},{"start":{},"end":{}}],"line":11},"3":{"loc":{"start":{"line":24,"column":2},"end":{"line":28,"column":null}},"type":"if","locations":[{"start":{"line":24,"column":2},"end":{"line":28,"column":null}},{"start":{},"end":{}}],"line":24}},"s":{"0":0,"1":0,"2":0,"3":0,"4":0,"5":0,"6":0,"7":0,"8":0,"9":0,"10":0,"11":0,"12":0},"f":{"0":0},"b":{"0":[0,0],"1":[0,0],"2":[0,0],"3":[0,0]},"meta":{"lastBranch":4,"lastFunction":1,"lastStatement":13,"seen":{"f:4:16:4:22":0,"s:5:19:5:Infinity":0,"s:6:17:6:Infinity":1,"b:6:17:6:46:6:50:6:Infinity":0,"b:8:2:20:Infinity:undefined:undefined:undefined:undefined":1,"s:8:2:20:Infinity":2,"s:9:10:9:49":3,"b:11:4:20:Infinity:undefined:undefined:undefined:undefined":2,"s:11:4:20:Infinity":4,"s:12:6:20:Infinity":5,"b:24:2:28:Infinity:undefined:undefined:undefined:undefined":3,"s:24:2:28:Infinity":6,"s:25:21:25:40":7,"s:26:4:26:Infinity":8,"s:27:4:27:Infinity":9,"s:28:4:28:Infinity":10,"s:31:2:31:Infinity":11,"s:34:22:35:Infinity":12}}}
,"/Users/nileshchakraborty/workspace/ksco/src/app/actions.ts": {"path":"/Users/nileshchakraborty/workspace/ksco/src/app/actions.ts","statementMap":{"0":{"start":{"line":1,"column":0},"end":{"line":1,"column":null}},"1":{"start":{"line":7,"column":22},"end":{"line":17,"column":2}},"2":{"start":{"line":23,"column":29},"end":{"line":23,"column":null}},"3":{"start":{"line":24,"column":34},"end":{"line":24,"column":null}},"4":{"start":{"line":27,"column":2},"end":{"line":32,"column":null}},"5":{"start":{"line":36,"column":16},"end":{"line":36,"column":null}},"6":{"start":{"line":37,"column":2},"end":{"line":38,"column":null}},"7":{"start":{"line":38,"column":4},"end":{"line":38,"column":null}},"8":{"start":{"line":41,"column":2},"end":{"line":41,"column":null}},"9":{"start":{"line":45,"column":20},"end":{"line":45,"column":47}},"10":{"start":{"line":47,"column":2},"end":{"line":54,"column":null}},"11":{"start":{"line":58,"column":15},"end":{"line":58,"column":34}},"12":{"start":{"line":59,"column":15},"end":{"line":59,"column":36}},"13":{"start":{"line":60,"column":16},"end":{"line":60,"column":63}},"14":{"start":{"line":61,"column":14},"end":{"line":61,"column":56}},"15":{"start":{"line":62,"column":13},"end":{"line":62,"column":25}},"16":{"start":{"line":63,"column":17},"end":{"line":63,"column":null}},"17":{"start":{"line":65,"column":2},"end":{"line":65,"column":null}},"18":{"start":{"line":69,"column":2},"end":{"line":74,"column":null}},"19":{"start":{"line":78,"column":2},"end":{"line":92,"column":null}},"20":{"start":{"line":97,"column":2},"end":{"line":112,"column":null}},"21":{"start":{"line":116,"column":19},"end":{"line":130,"column":4}},"22":{"start":{"line":132,"column":2},"end":{"line":134,"column":null}},"23":{"start":{"line":133,"column":17},"end":{"line":133,"column":38}},"24":{"start":{"line":134,"column":4},"end":{"line":134,"column":null}},"25":{"start":{"line":139,"column":2},"end":{"line":141,"column":null}},"26":{"start":{"line":145,"column":17},"end":{"line":145,"column":null}},"27":{"start":{"line":147,"column":2},"end":{"line":157,"column":null}},"28":{"start":{"line":148,"column":4},"end":{"line":149,"column":null}},"29":{"start":{"line":149,"column":6},"end":{"line":149,"column":null}},"30":{"start":{"line":152,"column":4},"end":{"line":156,"column":null}},"31":{"start":{"line":157,"column":4},"end":{"line":157,"column":null}},"32":{"start":{"line":160,"column":15},"end":{"line":160,"column":null}},"33":{"start":{"line":162,"column":2},"end":{"line":163,"column":null}},"34":{"start":{"line":163,"column":4},"end":{"line":163,"column":null}},"35":{"start":{"line":166,"column":2},"end":{"line":179,"column":null}},"36":{"start":{"line":167,"column":4},"end":{"line":167,"column":null}},"37":{"start":{"line":169,"column":25},"end":{"line":169,"column":null}},"38":{"start":{"line":170,"column":4},"end":{"line":171,"column":null}},"39":{"start":{"line":171,"column":6},"end":{"line":171,"column":null}},"40":{"start":{"line":174,"column":4},"end":{"line":178,"column":null}},"41":{"start":{"line":179,"column":4},"end":{"line":179,"column":null}},"42":{"start":{"line":184,"column":2},"end":{"line":190,"column":null}},"43":{"start":{"line":185,"column":4},"end":{"line":189,"column":null}},"44":{"start":{"line":190,"column":4},"end":{"line":190,"column":null}},"45":{"start":{"line":193,"column":17},"end":{"line":193,"column":30}},"46":{"start":{"line":194,"column":14},"end":{"line":194,"column":46}},"47":{"start":{"line":196,"column":2},"end":{"line":201,"column":null}},"48":{"start":{"line":205,"column":26},"end":{"line":215,"column":4}},"49":{"start":{"line":217,"column":2},"end":{"line":222,"column":null}},"50":{"start":{"line":218,"column":4},"end":{"line":222,"column":null}},"51":{"start":{"line":225,"column":19},"end":{"line":228,"column":null}},"52":{"start":{"line":230,"column":2},"end":{"line":243,"column":null}},"53":{"start":{"line":231,"column":4},"end":{"line":231,"column":null}},"54":{"start":{"line":233,"column":4},"end":{"line":238,"column":null}},"55":{"start":{"line":240,"column":4},"end":{"line":243,"column":null}},"56":{"start":{"line":246,"column":2},"end":{"line":254,"column":null}},"57":{"start":{"line":247,"column":4},"end":{"line":247,"column":null}},"58":{"start":{"line":249,"column":4},"end":{"line":254,"column":null}},"59":{"start":{"line":257,"column":2},"end":{"line":261,"column":null}},"60":{"start":{"line":263,"column":2},"end":{"line":266,"column":null}}},"fnMap":{"0":{"name":"escapeHtml","decl":{"start":{"line":26,"column":9},"end":{"line":26,"column":20}},"loc":{"start":{"line":26,"column":35},"end":{"line":32,"column":null}},"line":26},"1":{"name":"requireEnv","decl":{"start":{"line":35,"column":9},"end":{"line":35,"column":20}},"loc":{"start":{"line":35,"column":34},"end":{"line":41,"column":null}},"line":35},"2":{"name":"getR2Client","decl":{"start":{"line":44,"column":9},"end":{"line":44,"column":23}},"loc":{"start":{"line":44,"column":23},"end":{"line":54,"column":null}},"line":44},"3":{"name":"getInquiryKey","decl":{"start":{"line":57,"column":9},"end":{"line":57,"column":23}},"loc":{"start":{"line":57,"column":42},"end":{"line":65,"column":null}},"line":57},"4":{"name":"isR2Configured","decl":{"start":{"line":68,"column":9},"end":{"line":68,"column":26}},"loc":{"start":{"line":68,"column":26},"end":{"line":74,"column":null}},"line":68},"5":{"name":"getLeadEmailHtml","decl":{"start":{"line":77,"column":9},"end":{"line":77,"column":26}},"loc":{"start":{"line":77,"column":44},"end":{"line":92,"column":null}},"line":77},"6":{"name":"getLeadEmailText","decl":{"start":{"line":96,"column":9},"end":{"line":96,"column":26}},"loc":{"start":{"line":96,"column":44},"end":{"line":112,"column":null}},"line":96},"7":{"name":"postLeadEmail","decl":{"start":{"line":115,"column":15},"end":{"line":115,"column":29}},"loc":{"start":{"line":115,"column":77},"end":{"line":134,"column":null}},"line":115},"8":{"name":"isUnverifiedResendDomainError","decl":{"start":{"line":138,"column":9},"end":{"line":138,"column":39}},"loc":{"start":{"line":138,"column":55},"end":{"line":141,"column":null}},"line":138},"9":{"name":"sendLeadEmail","decl":{"start":{"line":144,"column":15},"end":{"line":144,"column":29}},"loc":{"start":{"line":144,"column":47},"end":{"line":179,"column":null}},"line":144},"10":{"name":"archiveInquiry","decl":{"start":{"line":183,"column":15},"end":{"line":183,"column":30}},"loc":{"start":{"line":183,"column":48},"end":{"line":201,"column":null}},"line":183},"11":{"name":"submitInquiry","decl":{"start":{"line":204,"column":22},"end":{"line":204,"column":36}},"loc":{"start":{"line":204,"column":76},"end":{"line":266,"column":null}},"line":204}},"branchMap":{"0":{"loc":{"start":{"line":37,"column":2},"end":{"line":38,"column":null}},"type":"if","locations":[{"start":{"line":37,"column":2},"end":{"line":38,"column":null}},{"start":{},"end":{}}],"line":37},"1":{"loc":{"start":{"line":63,"column":17},"end":{"line":63,"column":null}},"type":"binary-expr","locations":[{"start":{"line":63,"column":17},"end":{"line":63,"column":48}},{"start":{"line":63,"column":48},"end":{"line":63,"column":null}}],"line":63},"2":{"loc":{"start":{"line":70,"column":4},"end":{"line":73,"column":null}},"type":"binary-expr","locations":[{"start":{"line":70,"column":4},"end":{"line":70,"column":null}},{"start":{"line":71,"column":4},"end":{"line":71,"column":null}},{"start":{"line":72,"column":4},"end":{"line":72,"column":null}},{"start":{"line":73,"column":4},"end":{"line":73,"column":null}}],"line":70},"3":{"loc":{"start":{"line":86,"column":59},"end":{"line":86,"column":89}},"type":"binary-expr","locations":[{"start":{"line":86,"column":59},"end":{"line":86,"column":80}},{"start":{"line":86,"column":80},"end":{"line":86,"column":89}}],"line":86},"4":{"loc":{"start":{"line":87,"column":61},"end":{"line":87,"column":88}},"type":"binary-expr","locations":[{"start":{"line":87,"column":61},"end":{"line":87,"column":81}},{"start":{"line":87,"column":81},"end":{"line":87,"column":88}}],"line":87},"5":{"loc":{"start":{"line":88,"column":57},"end":{"line":88,"column":86}},"type":"binary-expr","locations":[{"start":{"line":88,"column":57},"end":{"line":88,"column":77}},{"start":{"line":88,"column":77},"end":{"line":88,"column":86}}],"line":88},"6":{"loc":{"start":{"line":105,"column":15},"end":{"line":105,"column":null}},"type":"binary-expr","locations":[{"start":{"line":105,"column":15},"end":{"line":105,"column":36}},{"start":{"line":105,"column":36},"end":{"line":105,"column":null}}],"line":105},"7":{"loc":{"start":{"line":106,"column":17},"end":{"line":106,"column":null}},"type":"binary-expr","locations":[{"start":{"line":106,"column":17},"end":{"line":106,"column":37}},{"start":{"line":106,"column":37},"end":{"line":106,"column":null}}],"line":106},"8":{"loc":{"start":{"line":107,"column":13},"end":{"line":107,"column":null}},"type":"binary-expr","locations":[{"start":{"line":107,"column":13},"end":{"line":107,"column":33}},{"start":{"line":107,"column":33},"end":{"line":107,"column":null}}],"line":107},"9":{"loc":{"start":{"line":123,"column":12},"end":{"line":123,"column":null}},"type":"binary-expr","locations":[{"start":{"line":123,"column":12},"end":{"line":123,"column":20}},{"start":{"line":123,"column":20},"end":{"line":123,"column":null}}],"line":123},"10":{"loc":{"start":{"line":132,"column":2},"end":{"line":134,"column":null}},"type":"if","locations":[{"start":{"line":132,"column":2},"end":{"line":134,"column":null}},{"start":{},"end":{}}],"line":132},"11":{"loc":{"start":{"line":139,"column":9},"end":{"line":141,"column":52}},"type":"binary-expr","locations":[{"start":{"line":139,"column":9},"end":{"line":139,"column":null}},{"start":{"line":140,"column":4},"end":{"line":140,"column":56}},{"start":{"line":141,"column":4},"end":{"line":141,"column":52}}],"line":139},"12":{"loc":{"start":{"line":147,"column":2},"end":{"line":157,"column":null}},"type":"if","locations":[{"start":{"line":147,"column":2},"end":{"line":157,"column":null}},{"start":{},"end":{}}],"line":147},"13":{"loc":{"start":{"line":148,"column":4},"end":{"line":149,"column":null}},"type":"if","locations":[{"start":{"line":148,"column":4},"end":{"line":149,"column":null}},{"start":{},"end":{}}],"line":148},"14":{"loc":{"start":{"line":160,"column":15},"end":{"line":160,"column":null}},"type":"binary-expr","locations":[{"start":{"line":160,"column":15},"end":{"line":160,"column":47}},{"start":{"line":160,"column":47},"end":{"line":160,"column":null}}],"line":160},"15":{"loc":{"start":{"line":162,"column":2},"end":{"line":163,"column":null}},"type":"if","locations":[{"start":{"line":162,"column":2},"end":{"line":163,"column":null}},{"start":{},"end":{}}],"line":162},"16":{"loc":{"start":{"line":162,"column":6},"end":{"line":162,"column":54}},"type":"binary-expr","locations":[{"start":{"line":162,"column":6},"end":{"line":162,"column":40}},{"start":{"line":162,"column":7},"end":{"line":162,"column":54}}],"line":162},"17":{"loc":{"start":{"line":167,"column":32},"end":{"line":167,"column":67}},"type":"binary-expr","locations":[{"start":{"line":167,"column":32},"end":{"line":167,"column":40}},{"start":{"line":167,"column":40},"end":{"line":167,"column":67}}],"line":167},"18":{"loc":{"start":{"line":169,"column":25},"end":{"line":169,"column":null}},"type":"binary-expr","locations":[{"start":{"line":169,"column":25},"end":{"line":169,"column":67}},{"start":{"line":169,"column":67},"end":{"line":169,"column":null}}],"line":169},"19":{"loc":{"start":{"line":170,"column":4},"end":{"line":171,"column":null}},"type":"if","locations":[{"start":{"line":170,"column":4},"end":{"line":171,"column":null}},{"start":{},"end":{}}],"line":170},"20":{"loc":{"start":{"line":170,"column":8},"end":{"line":170,"column":79}},"type":"binary-expr","locations":[{"start":{"line":170,"column":8},"end":{"line":170,"column":17}},{"start":{"line":170,"column":17},"end":{"line":170,"column":42}},{"start":{"line":170,"column":42},"end":{"line":170,"column":79}}],"line":170},"21":{"loc":{"start":{"line":184,"column":2},"end":{"line":190,"column":null}},"type":"if","locations":[{"start":{"line":184,"column":2},"end":{"line":190,"column":null}},{"start":{},"end":{}}],"line":184},"22":{"loc":{"start":{"line":212,"column":15},"end":{"line":212,"column":null}},"type":"binary-expr","locations":[{"start":{"line":212,"column":15},"end":{"line":212,"column":40}},{"start":{"line":212,"column":44},"end":{"line":212,"column":null}}],"line":212},"23":{"loc":{"start":{"line":213,"column":14},"end":{"line":213,"column":null}},"type":"binary-expr","locations":[{"start":{"line":213,"column":14},"end":{"line":213,"column":38}},{"start":{"line":213,"column":42},"end":{"line":213,"column":null}}],"line":213},"24":{"loc":{"start":{"line":214,"column":14},"end":{"line":214,"column":null}},"type":"binary-expr","locations":[{"start":{"line":214,"column":14},"end":{"line":214,"column":38}},{"start":{"line":214,"column":42},"end":{"line":214,"column":null}}],"line":214},"25":{"loc":{"start":{"line":217,"column":2},"end":{"line":222,"column":null}},"type":"if","locations":[{"start":{"line":217,"column":2},"end":{"line":222,"column":null}},{"start":{},"end":{}}],"line":217},"26":{"loc":{"start":{"line":234,"column":13},"end":{"line":234,"column":null}},"type":"cond-expr","locations":[{"start":{"line":234,"column":38},"end":{"line":234,"column":54}},{"start":{"line":234,"column":54},"end":{"line":234,"column":null}}],"line":234},"27":{"loc":{"start":{"line":250,"column":13},"end":{"line":250,"column":null}},"type":"cond-expr","locations":[{"start":{"line":250,"column":38},"end":{"line":250,"column":54}},{"start":{"line":250,"column":54},"end":{"line":250,"column":null}}],"line":250}},"s":{"0":2,"1":2,"2":2,"3":2,"4":40,"5":8,"6":8,"7":0,"8":8,"9":2,"10":2,"11":2,"12":2,"13":2,"14":2,"15":2,"16":2,"17":2,"18":5,"19":4,"20":4,"21":4,"22":4,"23":1,"24":1,"25":1,"26":5,"27":5,"28":2,"29":0,"30":2,"31":2,"32":3,"33":5,"34":0,"35":3,"36":3,"37":1,"38":1,"39":0,"40":1,"41":1,"42":5,"43":3,"44":3,"45":2,"46":2,"47":2,"48":6,"49":6,"50":1,"51":5,"52":5,"53":5,"54":0,"55":0,"56":5,"57":5,"58":1,"59":5,"60":5},"f":{"0":40,"1":8,"2":2,"3":2,"4":5,"5":4,"6":4,"7":4,"8":1,"9":5,"10":5,"11":6},"b":{"0":[0,8],"1":[2,2],"2":[5,2,2,2],"3":[4,0],"4":[4,0],"5":[4,0],"6":[4,0],"7":[4,0],"8":[4,0],"9":[4,0],"10":[1,3],"11":[1,1,1],"12":[2,3],"13":[0,2],"14":[3,3],"15":[0,5],"16":[5,0],"17":[3,0],"18":[1,1],"19":[0,1],"20":[1,1,1],"21":[3,2],"22":[6,6],"23":[6,6],"24":[6,6],"25":[1,5],"26":[0,0],"27":[1,0]},"meta":{"lastBranch":28,"lastFunction":12,"lastStatement":61,"seen":{"s:1:0:1:Infinity":0,"s:7:22:17:2":1,"s:23:29:23:Infinity":2,"s:24:34:24:Infinity":3,"f:26:9:26:20":0,"s:27:2:32:Infinity":4,"f:35:9:35:20":1,"s:36:16:36:Infinity":5,"b:37:2:38:Infinity:undefined:undefined:undefined:undefined":0,"s:37:2:38:Infinity":6,"s:38:4:38:Infinity":7,"s:41:2:41:Infinity":8,"f:44:9:44:23":2,"s:45:20:45:47":9,"s:47:2:54:Infinity":10,"f:57:9:57:23":3,"s:58:15:58:34":11,"s:59:15:59:36":12,"s:60:16:60:63":13,"s:61:14:61:56":14,"s:62:13:62:25":15,"s:63:17:63:Infinity":16,"b:63:17:63:48:63:48:63:Infinity":1,"s:65:2:65:Infinity":17,"f:68:9:68:26":4,"s:69:2:74:Infinity":18,"b:70:4:70:Infinity:71:4:71:Infinity:72:4:72:Infinity:73:4:73:Infinity":2,"f:77:9:77:26":5,"s:78:2:92:Infinity":19,"b:86:59:86:80:86:80:86:89":3,"b:87:61:87:81:87:81:87:88":4,"b:88:57:88:77:88:77:88:86":5,"f:96:9:96:26":6,"s:97:2:112:Infinity":20,"b:105:15:105:36:105:36:105:Infinity":6,"b:106:17:106:37:106:37:106:Infinity":7,"b:107:13:107:33:107:33:107:Infinity":8,"f:115:15:115:29":7,"s:116:19:130:4":21,"b:123:12:123:20:123:20:123:Infinity":9,"b:132:2:134:Infinity:undefined:undefined:undefined:undefined":10,"s:132:2:134:Infinity":22,"s:133:17:133:38":23,"s:134:4:134:Infinity":24,"f:138:9:138:39":8,"s:139:2:141:Infinity":25,"b:139:9:139:Infinity:140:4:140:56:141:4:141:52":11,"f:144:15:144:29":9,"s:145:17:145:Infinity":26,"b:147:2:157:Infinity:undefined:undefined:undefined:undefined":12,"s:147:2:157:Infinity":27,"b:148:4:149:Infinity:undefined:undefined:undefined:undefined":13,"s:148:4:149:Infinity":28,"s:149:6:149:Infinity":29,"s:152:4:156:Infinity":30,"s:157:4:157:Infinity":31,"s:160:15:160:Infinity":32,"b:160:15:160:47:160:47:160:Infinity":14,"b:162:2:163:Infinity:undefined:undefined:undefined:undefined":15,"s:162:2:163:Infinity":33,"b:162:6:162:40:162:7:162:54":16,"s:163:4:163:Infinity":34,"s:166:2:179:Infinity":35,"s:167:4:167:Infinity":36,"b:167:32:167:40:167:40:167:67":17,"s:169:25:169:Infinity":37,"b:169:25:169:67:169:67:169:Infinity":18,"b:170:4:171:Infinity:undefined:undefined:undefined:undefined":19,"s:170:4:171:Infinity":38,"b:170:8:170:17:170:17:170:42:170:42:170:79":20,"s:171:6:171:Infinity":39,"s:174:4:178:Infinity":40,"s:179:4:179:Infinity":41,"f:183:15:183:30":10,"b:184:2:190:Infinity:undefined:undefined:undefined:undefined":21,"s:184:2:190:Infinity":42,"s:185:4:189:Infinity":43,"s:190:4:190:Infinity":44,"s:193:17:193:30":45,"s:194:14:194:46":46,"s:196:2:201:Infinity":47,"f:204:22:204:36":11,"s:205:26:215:4":48,"b:212:15:212:40:212:44:212:Infinity":22,"b:213:14:213:38:213:42:213:Infinity":23,"b:214:14:214:38:214:42:214:Infinity":24,"b:217:2:222:Infinity:undefined:undefined:undefined:undefined":25,"s:217:2:222:Infinity":49,"s:218:4:222:Infinity":50,"s:225:19:228:Infinity":51,"s:230:2:243:Infinity":52,"s:231:4:231:Infinity":53,"s:233:4:238:Infinity":54,"b:234:38:234:54:234:54:234:Infinity":26,"s:240:4:243:Infinity":55,"s:246:2:254:Infinity":56,"s:247:4:247:Infinity":57,"s:249:4:254:Infinity":58,"b:250:38:250:54:250:54:250:Infinity":27,"s:257:2:261:Infinity":59,"s:263:2:266:Infinity":60}}}
,"/Users/nileshchakraborty/workspace/ksco/src/app/page.tsx": {"path":"/Users/nileshchakraborty/workspace/ksco/src/app/page.tsx","statementMap":{"0":{"start":{"line":1,"column":0},"end":{"line":1,"column":null}},"1":{"start":{"line":16,"column":50},"end":{"line":22,"column":null}},"2":{"start":{"line":24,"column":49},"end":{"line":28,"column":null}},"3":{"start":{"line":31,"column":8},"end":{"line":31,"column":49}},"4":{"start":{"line":33,"column":2},"end":{"line":389,"column":null}},"5":{"start":{"line":61,"column":16},"end":{"line":61,"column":70}},"6":{"start":{"line":69,"column":16},"end":{"line":69,"column":107}},"7":{"start":{"line":95,"column":16},"end":{"line":98,"column":null}},"8":{"start":{"line":128,"column":16},"end":{"line":128,"column":96}},"9":{"start":{"line":174,"column":27},"end":{"line":174,"column":null}},"10":{"start":{"line":175,"column":14},"end":{"line":180,"column":null}},"11":{"start":{"line":211,"column":27},"end":{"line":211,"column":null}},"12":{"start":{"line":212,"column":14},"end":{"line":249,"column":null}},"13":{"start":{"line":238,"column":26},"end":{"line":240,"column":null}},"14":{"start":{"line":268,"column":14},"end":{"line":302,"column":null}},"15":{"start":{"line":382,"column":16},"end":{"line":384,"column":null}}},"fnMap":{"0":{"name":"Home","decl":{"start":{"line":30,"column":24},"end":{"line":30,"column":31}},"loc":{"start":{"line":30,"column":31},"end":{"line":389,"column":null}},"line":30},"1":{"name":"(anonymous_1)","decl":{"start":{"line":61,"column":16},"end":{"line":61,"column":31}},"loc":{"start":{"line":61,"column":16},"end":{"line":61,"column":70}},"line":61},"2":{"name":"(anonymous_2)","decl":{"start":{"line":69,"column":16},"end":{"line":69,"column":31}},"loc":{"start":{"line":69,"column":16},"end":{"line":69,"column":107}},"line":69},"3":{"name":"(anonymous_3)","decl":{"start":{"line":94,"column":33},"end":{"line":94,"column":38}},"loc":{"start":{"line":95,"column":16},"end":{"line":98,"column":null}},"line":95},"4":{"name":"(anonymous_4)","decl":{"start":{"line":128,"column":16},"end":{"line":128,"column":31}},"loc":{"start":{"line":128,"column":16},"end":{"line":128,"column":96}},"line":128},"5":{"name":"(anonymous_5)","decl":{"start":{"line":173,"column":32},"end":{"line":173,"column":37}},"loc":{"start":{"line":173,"column":48},"end":{"line":180,"column":null}},"line":173},"6":{"name":"(anonymous_6)","decl":{"start":{"line":210,"column":24},"end":{"line":210,"column":29}},"loc":{"start":{"line":210,"column":37},"end":{"line":249,"column":null}},"line":210},"7":{"name":"(anonymous_7)","decl":{"start":{"line":237,"column":52},"end":{"line":237,"column":57}},"loc":{"start":{"line":238,"column":26},"end":{"line":240,"column":null}},"line":238},"8":{"name":"(anonymous_8)","decl":{"start":{"line":267,"column":27},"end":{"line":267,"column":32}},"loc":{"start":{"line":268,"column":14},"end":{"line":302,"column":null}},"line":268},"9":{"name":"(anonymous_9)","decl":{"start":{"line":381,"column":46},"end":{"line":381,"column":51}},"loc":{"start":{"line":382,"column":16},"end":{"line":384,"column":null}},"line":382}},"branchMap":{"0":{"loc":{"start":{"line":174,"column":27},"end":{"line":174,"column":null}},"type":"binary-expr","locations":[{"start":{"line":174,"column":27},"end":{"line":174,"column":54}},{"start":{"line":174,"column":54},"end":{"line":174,"column":null}}],"line":174},"1":{"loc":{"start":{"line":211,"column":27},"end":{"line":211,"column":null}},"type":"binary-expr","locations":[{"start":{"line":211,"column":27},"end":{"line":211,"column":52}},{"start":{"line":211,"column":52},"end":{"line":211,"column":null}}],"line":211},"2":{"loc":{"start":{"line":273,"column":18},"end":{"line":273,"column":null}},"type":"cond-expr","locations":[{"start":{"line":273,"column":42},"end":{"line":273,"column":70}},{"start":{"line":273,"column":70},"end":{"line":273,"column":null}}],"line":273},"3":{"loc":{"start":{"line":278,"column":89},"end":{"line":278,"column":147}},"type":"cond-expr","locations":[{"start":{"line":278,"column":113},"end":{"line":278,"column":131}},{"start":{"line":278,"column":131},"end":{"line":278,"column":147}}],"line":278},"4":{"loc":{"start":{"line":282,"column":81},"end":{"line":282,"column":141}},"type":"cond-expr","locations":[{"start":{"line":282,"column":105},"end":{"line":282,"column":124}},{"start":{"line":282,"column":124},"end":{"line":282,"column":141}}],"line":282},"5":{"loc":{"start":{"line":286,"column":123},"end":{"line":286,"column":181}},"type":"cond-expr","locations":[{"start":{"line":286,"column":147},"end":{"line":286,"column":165}},{"start":{"line":286,"column":165},"end":{"line":286,"column":181}}],"line":286},"6":{"loc":{"start":{"line":298,"column":22},"end":{"line":298,"column":null}},"type":"cond-expr","locations":[{"start":{"line":298,"column":46},"end":{"line":298,"column":64}},{"start":{"line":298,"column":64},"end":{"line":298,"column":null}}],"line":298}},"s":{"0":1,"1":1,"2":1,"3":5,"4":5,"5":0,"6":0,"7":15,"8":0,"9":15,"10":15,"11":25,"12":25,"13":50,"14":10,"15":20},"f":{"0":5,"1":0,"2":0,"3":15,"4":0,"5":15,"6":25,"7":50,"8":10,"9":20},"b":{"0":[15,5],"1":[25,0],"2":[5,5],"3":[5,5],"4":[5,5],"5":[5,5],"6":[5,5]},"meta":{"lastBranch":7,"lastFunction":10,"lastStatement":16,"seen":{"s:1:0:1:Infinity":0,"s:16:50:22:Infinity":1,"s:24:49:28:Infinity":2,"f:30:24:30:31":0,"s:31:8:31:49":3,"s:33:2:389:Infinity":4,"f:61:16:61:31":1,"s:61:16:61:70":5,"f:69:16:69:31":2,"s:69:16:69:107":6,"f:94:33:94:38":3,"s:95:16:98:Infinity":7,"f:128:16:128:31":4,"s:128:16:128:96":8,"f:173:32:173:37":5,"s:174:27:174:Infinity":9,"b:174:27:174:54:174:54:174:Infinity":0,"s:175:14:180:Infinity":10,"f:210:24:210:29":6,"s:211:27:211:Infinity":11,"b:211:27:211:52:211:52:211:Infinity":1,"s:212:14:249:Infinity":12,"f:237:52:237:57":7,"s:238:26:240:Infinity":13,"f:267:27:267:32":8,"s:268:14:302:Infinity":14,"b:273:42:273:70:273:70:273:Infinity":2,"b:278:113:278:131:278:131:278:147":3,"b:282:105:282:124:282:124:282:141":4,"b:286:147:286:165:286:165:286:181":5,"b:298:46:298:64:298:64:298:Infinity":6,"f:381:46:381:51":9,"s:382:16:384:Infinity":15}}}
,"/Users/nileshchakraborty/workspace/ksco/src/app/sitemap.ts": {"path":"/Users/nileshchakraborty/workspace/ksco/src/app/sitemap.ts","statementMap":{"0":{"start":{"line":8,"column":17},"end":{"line":8,"column":null}},"1":{"start":{"line":11,"column":14},"end":{"line":11,"column":24}},"2":{"start":{"line":13,"column":46},"end":{"line":98,"column":null}},"3":{"start":{"line":100,"column":48},"end":{"line":105,"column":5}},"4":{"start":{"line":100,"column":73},"end":{"line":105,"column":5}},"5":{"start":{"line":107,"column":47},"end":{"line":112,"column":5}},"6":{"start":{"line":107,"column":71},"end":{"line":112,"column":5}},"7":{"start":{"line":114,"column":48},"end":{"line":119,"column":5}},"8":{"start":{"line":114,"column":84},"end":{"line":119,"column":5}},"9":{"start":{"line":121,"column":51},"end":{"line":126,"column":5}},"10":{"start":{"line":121,"column":93},"end":{"line":126,"column":5}},"11":{"start":{"line":128,"column":8},"end":{"line":133,"column":5}},"12":{"start":{"line":128,"column":126},"end":{"line":133,"column":5}},"13":{"start":{"line":135,"column":48},"end":{"line":140,"column":5}},"14":{"start":{"line":135,"column":73},"end":{"line":140,"column":5}},"15":{"start":{"line":142,"column":45},"end":{"line":147,"column":5}},"16":{"start":{"line":142,"column":68},"end":{"line":147,"column":5}},"17":{"start":{"line":149,"column":48},"end":{"line":156,"column":7}},"18":{"start":{"line":150,"column":17},"end":{"line":150,"column":28}},"19":{"start":{"line":151,"column":20},"end":{"line":156,"column":7}},"20":{"start":{"line":158,"column":2},"end":{"line":168,"column":null}}},"fnMap":{"0":{"name":"sitemap","decl":{"start":{"line":10,"column":24},"end":{"line":10,"column":57}},"loc":{"start":{"line":10,"column":57},"end":{"line":168,"column":null}},"line":10},"1":{"name":"(anonymous_1)","decl":{"start":{"line":100,"column":59},"end":{"line":100,"column":64}},"loc":{"start":{"line":100,"column":73},"end":{"line":105,"column":5}},"line":100},"2":{"name":"(anonymous_2)","decl":{"start":{"line":107,"column":56},"end":{"line":107,"column":61}},"loc":{"start":{"line":107,"column":71},"end":{"line":112,"column":5}},"line":107},"3":{"name":"(anonymous_3)","decl":{"start":{"line":114,"column":65},"end":{"line":114,"column":70}},"loc":{"start":{"line":114,"column":84},"end":{"line":119,"column":5}},"line":114},"4":{"name":"(anonymous_4)","decl":{"start":{"line":121,"column":75},"end":{"line":121,"column":80}},"loc":{"start":{"line":121,"column":93},"end":{"line":126,"column":5}},"line":121},"5":{"name":"(anonymous_5)","decl":{"start":{"line":128,"column":82},"end":{"line":128,"column":87}},"loc":{"start":{"line":128,"column":126},"end":{"line":133,"column":5}},"line":128},"6":{"name":"(anonymous_6)","decl":{"start":{"line":135,"column":59},"end":{"line":135,"column":64}},"loc":{"start":{"line":135,"column":73},"end":{"line":140,"column":5}},"line":135},"7":{"name":"(anonymous_7)","decl":{"start":{"line":142,"column":52},"end":{"line":142,"column":57}},"loc":{"start":{"line":142,"column":68},"end":{"line":147,"column":5}},"line":142},"8":{"name":"(anonymous_8)","decl":{"start":{"line":150,"column":5},"end":{"line":150,"column":12}},"loc":{"start":{"line":150,"column":17},"end":{"line":150,"column":28}},"line":150},"9":{"name":"(anonymous_9)","decl":{"start":{"line":151,"column":5},"end":{"line":151,"column":10}},"loc":{"start":{"line":151,"column":20},"end":{"line":156,"column":7}},"line":151}},"branchMap":{"0":{"loc":{"start":{"line":118,"column":14},"end":{"line":118,"column":null}},"type":"cond-expr","locations":[{"start":{"line":118,"column":43},"end":{"line":118,"column":50}},{"start":{"line":118,"column":50},"end":{"line":118,"column":null}}],"line":118},"1":{"loc":{"start":{"line":118,"column":50},"end":{"line":118,"column":null}},"type":"cond-expr","locations":[{"start":{"line":118,"column":79},"end":{"line":118,"column":86}},{"start":{"line":118,"column":86},"end":{"line":118,"column":null}}],"line":118},"2":{"loc":{"start":{"line":132,"column":14},"end":{"line":132,"column":null}},"type":"cond-expr","locations":[{"start":{"line":132,"column":43},"end":{"line":132,"column":49}},{"start":{"line":132,"column":49},"end":{"line":132,"column":null}}],"line":132},"3":{"loc":{"start":{"line":132,"column":49},"end":{"line":132,"column":null}},"type":"cond-expr","locations":[{"start":{"line":132,"column":78},"end":{"line":132,"column":84}},{"start":{"line":132,"column":84},"end":{"line":132,"column":null}}],"line":132}},"s":{"0":0,"1":0,"2":0,"3":0,"4":0,"5":0,"6":0,"7":0,"8":0,"9":0,"10":0,"11":0,"12":0,"13":0,"14":0,"15":0,"16":0,"17":0,"18":0,"19":0,"20":0},"f":{"0":0,"1":0,"2":0,"3":0,"4":0,"5":0,"6":0,"7":0,"8":0,"9":0},"b":{"0":[0,0],"1":[0,0],"2":[0,0],"3":[0,0]},"meta":{"lastBranch":4,"lastFunction":10,"lastStatement":21,"seen":{"s:8:17:8:Infinity":0,"f:10:24:10:57":0,"s:11:14:11:24":1,"s:13:46:98:Infinity":2,"s:100:48:105:5":3,"f:100:59:100:64":1,"s:100:73:105:5":4,"s:107:47:112:5":5,"f:107:56:107:61":2,"s:107:71:112:5":6,"s:114:48:119:5":7,"f:114:65:114:70":3,"s:114:84:119:5":8,"b:118:43:118:50:118:50:118:Infinity":0,"b:118:79:118:86:118:86:118:Infinity":1,"s:121:51:126:5":9,"f:121:75:121:80":4,"s:121:93:126:5":10,"s:128:8:133:5":11,"f:128:82:128:87":5,"s:128:126:133:5":12,"b:132:43:132:49:132:49:132:Infinity":2,"b:132:78:132:84:132:84:132:Infinity":3,"s:135:48:140:5":13,"f:135:59:135:64":6,"s:135:73:140:5":14,"s:142:45:147:5":15,"f:142:52:142:57":7,"s:142:68:147:5":16,"s:149:48:156:7":17,"f:150:5:150:12":8,"s:150:17:150:28":18,"f:151:5:151:10":9,"s:151:20:156:7":19,"s:158:2:168:Infinity":20}}}
,"/Users/nileshchakraborty/workspace/ksco/src/app/(seo)/[intentSlug]/page.tsx": {"path":"/Users/nileshchakraborty/workspace/ksco/src/app/(seo)/[intentSlug]/page.tsx","statementMap":{"0":{"start":{"line":11,"column":17},"end":{"line":11,"column":null}},"1":{"start":{"line":18,"column":2},"end":{"line":20,"column":null}},"2":{"start":{"line":18,"column":41},"end":{"line":19,"column":null}},"3":{"start":{"line":24,"column":25},"end":{"line":24,"column":null}},"4":{"start":{"line":25,"column":8},"end":{"line":25,"column":41}},"5":{"start":{"line":27,"column":2},"end":{"line":28,"column":null}},"6":{"start":{"line":28,"column":4},"end":{"line":28,"column":null}},"7":{"start":{"line":31,"column":18},"end":{"line":31,"column":null}},"8":{"start":{"line":33,"column":2},"end":{"line":58,"column":null}},"9":{"start":{"line":62,"column":25},"end":{"line":62,"column":null}},"10":{"start":{"line":63,"column":8},"end":{"line":63,"column":41}},"11":{"start":{"line":65,"column":2},"end":{"line":66,"column":null}},"12":{"start":{"line":66,"column":4},"end":{"line":66,"column":null}},"13":{"start":{"line":69,"column":18},"end":{"line":69,"column":null}},"14":{"start":{"line":70,"column":26},"end":{"line":70,"column":118}},"15":{"start":{"line":70,"column":107},"end":{"line":70,"column":117}},"16":{"start":{"line":72,"column":20},"end":{"line":83,"column":null}},"17":{"start":{"line":75,"column":42},"end":{"line":82,"column":null}},"18":{"start":{"line":85,"column":27},"end":{"line":102,"column":null}},"19":{"start":{"line":104,"column":2},"end":{"line":220,"column":null}},"20":{"start":{"line":169,"column":14},"end":{"line":169,"column":null}},"21":{"start":{"line":192,"column":18},"end":{"line":195,"column":null}},"22":{"start":{"line":202,"column":14},"end":{"line":205,"column":null}}},"fnMap":{"0":{"name":"generateStaticParams","decl":{"start":{"line":17,"column":22},"end":{"line":17,"column":45}},"loc":{"start":{"line":17,"column":45},"end":{"line":20,"column":null}},"line":17},"1":{"name":"(anonymous_1)","decl":{"start":{"line":18,"column":24},"end":{"line":18,"column":29}},"loc":{"start":{"line":18,"column":41},"end":{"line":19,"column":null}},"line":18},"2":{"name":"generateMetadata","decl":{"start":{"line":23,"column":22},"end":{"line":23,"column":39}},"loc":{"start":{"line":23,"column":77},"end":{"line":58,"column":null}},"line":23},"3":{"name":"IntentSeoPage","decl":{"start":{"line":61,"column":30},"end":{"line":61,"column":44}},"loc":{"start":{"line":61,"column":63},"end":{"line":220,"column":null}},"line":61},"4":{"name":"(anonymous_4)","decl":{"start":{"line":70,"column":65},"end":{"line":70,"column":73}},"loc":{"start":{"line":70,"column":107},"end":{"line":70,"column":117}},"line":70},"5":{"name":"(anonymous_5)","decl":{"start":{"line":75,"column":28},"end":{"line":75,"column":33}},"loc":{"start":{"line":75,"column":42},"end":{"line":82,"column":null}},"line":75},"6":{"name":"(anonymous_6)","decl":{"start":{"line":168,"column":29},"end":{"line":168,"column":34}},"loc":{"start":{"line":169,"column":14},"end":{"line":169,"column":null}},"line":169},"7":{"name":"(anonymous_7)","decl":{"start":{"line":191,"column":18},"end":{"line":191,"column":23}},"loc":{"start":{"line":192,"column":18},"end":{"line":195,"column":null}},"line":192},"8":{"name":"(anonymous_8)","decl":{"start":{"line":201,"column":25},"end":{"line":201,"column":30}},"loc":{"start":{"line":202,"column":14},"end":{"line":205,"column":null}},"line":202}},"branchMap":{"0":{"loc":{"start":{"line":27,"column":2},"end":{"line":28,"column":null}},"type":"if","locations":[{"start":{"line":27,"column":2},"end":{"line":28,"column":null}},{"start":{},"end":{}}],"line":27},"1":{"loc":{"start":{"line":65,"column":2},"end":{"line":66,"column":null}},"type":"if","locations":[{"start":{"line":65,"column":2},"end":{"line":66,"column":null}},{"start":{},"end":{}}],"line":65}},"s":{"0":0,"1":0,"2":0,"3":0,"4":0,"5":0,"6":0,"7":0,"8":0,"9":0,"10":0,"11":0,"12":0,"13":0,"14":0,"15":0,"16":0,"17":0,"18":0,"19":0,"20":0,"21":0,"22":0},"f":{"0":0,"1":0,"2":0,"3":0,"4":0,"5":0,"6":0,"7":0,"8":0},"b":{"0":[0,0],"1":[0,0]},"meta":{"lastBranch":2,"lastFunction":9,"lastStatement":23,"seen":{"s:11:17:11:Infinity":0,"f:17:22:17:45":0,"s:18:2:20:Infinity":1,"f:18:24:18:29":1,"s:18:41:19:Infinity":2,"f:23:22:23:39":2,"s:24:25:24:Infinity":3,"s:25:8:25:41":4,"b:27:2:28:Infinity:undefined:undefined:undefined:undefined":0,"s:27:2:28:Infinity":5,"s:28:4:28:Infinity":6,"s:31:18:31:Infinity":7,"s:33:2:58:Infinity":8,"f:61:30:61:44":3,"s:62:25:62:Infinity":9,"s:63:8:63:41":10,"b:65:2:66:Infinity:undefined:undefined:undefined:undefined":1,"s:65:2:66:Infinity":11,"s:66:4:66:Infinity":12,"s:69:18:69:Infinity":13,"s:70:26:70:118":14,"f:70:65:70:73":4,"s:70:107:70:117":15,"s:72:20:83:Infinity":16,"f:75:28:75:33":5,"s:75:42:82:Infinity":17,"s:85:27:102:Infinity":18,"s:104:2:220:Infinity":19,"f:168:29:168:34":6,"s:169:14:169:Infinity":20,"f:191:18:191:23":7,"s:192:18:195:Infinity":21,"f:201:25:201:30":8,"s:202:14:205:Infinity":22}}}
,"/Users/nileshchakraborty/workspace/ksco/src/app/.well-known/acp.json/route.ts": {"path":"/Users/nileshchakraborty/workspace/ksco/src/app/.well-known/acp.json/route.ts","statementMap":{"0":{"start":{"line":5,"column":2},"end":{"line":21,"column":null}}},"fnMap":{"0":{"name":"GET","decl":{"start":{"line":4,"column":22},"end":{"line":4,"column":28}},"loc":{"start":{"line":4,"column":28},"end":{"line":21,"column":null}},"line":4}},"branchMap":{},"s":{"0":0},"f":{"0":0},"b":{},"meta":{"lastBranch":0,"lastFunction":1,"lastStatement":1,"seen":{"f:4:22:4:28":0,"s:5:2:21:Infinity":0}}}
,"/Users/nileshchakraborty/workspace/ksco/src/app/.well-known/agent-card.json/route.ts": {"path":"/Users/nileshchakraborty/workspace/ksco/src/app/.well-known/agent-card.json/route.ts","statementMap":{"0":{"start":{"line":4,"column":17},"end":{"line":4,"column":null}},"1":{"start":{"line":7,"column":2},"end":{"line":66,"column":null}}},"fnMap":{"0":{"name":"GET","decl":{"start":{"line":6,"column":22},"end":{"line":6,"column":28}},"loc":{"start":{"line":6,"column":28},"end":{"line":66,"column":null}},"line":6}},"branchMap":{},"s":{"0":0,"1":0},"f":{"0":0},"b":{},"meta":{"lastBranch":0,"lastFunction":1,"lastStatement":2,"seen":{"s:4:17:4:Infinity":0,"f:6:22:6:28":0,"s:7:2:66:Infinity":1}}}
,"/Users/nileshchakraborty/workspace/ksco/src/app/.well-known/agent-skills/index.json/route.ts": {"path":"/Users/nileshchakraborty/workspace/ksco/src/app/.well-known/agent-skills/index.json/route.ts","statementMap":{"0":{"start":{"line":1,"column":9},"end":{"line":1,"column":null}},"1":{"start":{"line":6,"column":17},"end":{"line":6,"column":78}},"2":{"start":{"line":8,"column":2},"end":{"line":19,"column":null}}},"fnMap":{"0":{"name":"GET","decl":{"start":{"line":5,"column":22},"end":{"line":5,"column":28}},"loc":{"start":{"line":5,"column":28},"end":{"line":19,"column":null}},"line":5}},"branchMap":{},"s":{"0":0,"1":0,"2":0},"f":{"0":0},"b":{},"meta":{"lastBranch":0,"lastFunction":1,"lastStatement":3,"seen":{"s:1:9:1:Infinity":0,"f:5:22:5:28":0,"s:6:17:6:78":1,"s:8:2:19:Infinity":2}}}
,"/Users/nileshchakraborty/workspace/ksco/src/app/.well-known/agent-skills/ksco-catalog/SKILL.md/route.ts": {"path":"/Users/nileshchakraborty/workspace/ksco/src/app/.well-known/agent-skills/ksco-catalog/SKILL.md/route.ts","statementMap":{"0":{"start":{"line":5,"column":2},"end":{"line":9,"column":null}}},"fnMap":{"0":{"name":"GET","decl":{"start":{"line":4,"column":22},"end":{"line":4,"column":28}},"loc":{"start":{"line":4,"column":28},"end":{"line":9,"column":null}},"line":4}},"branchMap":{},"s":{"0":0},"f":{"0":0},"b":{},"meta":{"lastBranch":0,"lastFunction":1,"lastStatement":1,"seen":{"f:4:22:4:28":0,"s:5:2:9:Infinity":0}}}
,"/Users/nileshchakraborty/workspace/ksco/src/app/.well-known/api-catalog/route.ts": {"path":"/Users/nileshchakraborty/workspace/ksco/src/app/.well-known/api-catalog/route.ts","statementMap":{"0":{"start":{"line":5,"column":2},"end":{"line":9,"column":null}}},"fnMap":{"0":{"name":"GET","decl":{"start":{"line":4,"column":22},"end":{"line":4,"column":28}},"loc":{"start":{"line":4,"column":28},"end":{"line":9,"column":null}},"line":4}},"branchMap":{},"s":{"0":0},"f":{"0":0},"b":{},"meta":{"lastBranch":0,"lastFunction":1,"lastStatement":1,"seen":{"f:4:22:4:28":0,"s:5:2:9:Infinity":0}}}
,"/Users/nileshchakraborty/workspace/ksco/src/app/.well-known/http-message-signatures-directory/route.ts": {"path":"/Users/nileshchakraborty/workspace/ksco/src/app/.well-known/http-message-signatures-directory/route.ts","statementMap":{"0":{"start":{"line":5,"column":2},"end":{"line":18,"column":null}}},"fnMap":{"0":{"name":"GET","decl":{"start":{"line":4,"column":22},"end":{"line":4,"column":28}},"loc":{"start":{"line":4,"column":28},"end":{"line":18,"column":null}},"line":4}},"branchMap":{},"s":{"0":0},"f":{"0":0},"b":{},"meta":{"lastBranch":0,"lastFunction":1,"lastStatement":1,"seen":{"f:4:22:4:28":0,"s:5:2:18:Infinity":0}}}
,"/Users/nileshchakraborty/workspace/ksco/src/app/.well-known/mcp/server-card.json/route.ts": {"path":"/Users/nileshchakraborty/workspace/ksco/src/app/.well-known/mcp/server-card.json/route.ts","statementMap":{"0":{"start":{"line":5,"column":2},"end":{"line":37,"column":null}}},"fnMap":{"0":{"name":"GET","decl":{"start":{"line":4,"column":22},"end":{"line":4,"column":28}},"loc":{"start":{"line":4,"column":28},"end":{"line":37,"column":null}},"line":4}},"branchMap":{},"s":{"0":0},"f":{"0":0},"b":{},"meta":{"lastBranch":0,"lastFunction":1,"lastStatement":1,"seen":{"f:4:22:4:28":0,"s:5:2:37:Infinity":0}}}
,"/Users/nileshchakraborty/workspace/ksco/src/app/.well-known/oauth-authorization-server/route.ts": {"path":"/Users/nileshchakraborty/workspace/ksco/src/app/.well-known/oauth-authorization-server/route.ts","statementMap":{"0":{"start":{"line":5,"column":2},"end":{"line":13,"column":null}}},"fnMap":{"0":{"name":"GET","decl":{"start":{"line":4,"column":22},"end":{"line":4,"column":28}},"loc":{"start":{"line":4,"column":28},"end":{"line":13,"column":null}},"line":4}},"branchMap":{},"s":{"0":0},"f":{"0":0},"b":{},"meta":{"lastBranch":0,"lastFunction":1,"lastStatement":1,"seen":{"f:4:22:4:28":0,"s:5:2:13:Infinity":0}}}
,"/Users/nileshchakraborty/workspace/ksco/src/app/.well-known/oauth-protected-resource/route.ts": {"path":"/Users/nileshchakraborty/workspace/ksco/src/app/.well-known/oauth-protected-resource/route.ts","statementMap":{"0":{"start":{"line":5,"column":2},"end":{"line":11,"column":null}}},"fnMap":{"0":{"name":"GET","decl":{"start":{"line":4,"column":22},"end":{"line":4,"column":28}},"loc":{"start":{"line":4,"column":28},"end":{"line":11,"column":null}},"line":4}},"branchMap":{},"s":{"0":0},"f":{"0":0},"b":{},"meta":{"lastBranch":0,"lastFunction":1,"lastStatement":1,"seen":{"f:4:22:4:28":0,"s:5:2:11:Infinity":0}}}
,"/Users/nileshchakraborty/workspace/ksco/src/app/.well-known/openid-configuration/route.ts": {"path":"/Users/nileshchakraborty/workspace/ksco/src/app/.well-known/openid-configuration/route.ts","statementMap":{"0":{"start":{"line":5,"column":2},"end":{"line":15,"column":null}}},"fnMap":{"0":{"name":"GET","decl":{"start":{"line":4,"column":22},"end":{"line":4,"column":28}},"loc":{"start":{"line":4,"column":28},"end":{"line":15,"column":null}},"line":4}},"branchMap":{},"s":{"0":0},"f":{"0":0},"b":{},"meta":{"lastBranch":0,"lastFunction":1,"lastStatement":1,"seen":{"f:4:22:4:28":0,"s:5:2:15:Infinity":0}}}
,"/Users/nileshchakraborty/workspace/ksco/src/app/.well-known/ucp/route.ts": {"path":"/Users/nileshchakraborty/workspace/ksco/src/app/.well-known/ucp/route.ts","statementMap":{"0":{"start":{"line":5,"column":2},"end":{"line":20,"column":null}}},"fnMap":{"0":{"name":"GET","decl":{"start":{"line":4,"column":22},"end":{"line":4,"column":28}},"loc":{"start":{"line":4,"column":28},"end":{"line":20,"column":null}},"line":4}},"branchMap":{},"s":{"0":0},"f":{"0":0},"b":{},"meta":{"lastBranch":0,"lastFunction":1,"lastStatement":1,"seen":{"f:4:22:4:28":0,"s:5:2:20:Infinity":0}}}
,"/Users/nileshchakraborty/workspace/ksco/src/app/about/page.tsx": {"path":"/Users/nileshchakraborty/workspace/ksco/src/app/about/page.tsx","statementMap":{"0":{"start":{"line":7,"column":34},"end":{"line":25,"column":null}},"1":{"start":{"line":28,"column":2},"end":{"line":116,"column":null}}},"fnMap":{"0":{"name":"AboutPage","decl":{"start":{"line":27,"column":24},"end":{"line":27,"column":36}},"loc":{"start":{"line":27,"column":36},"end":{"line":116,"column":null}},"line":27}},"branchMap":{},"s":{"0":1,"1":3},"f":{"0":3},"b":{},"meta":{"lastBranch":0,"lastFunction":1,"lastStatement":2,"seen":{"s:7:34:25:Infinity":0,"f:27:24:27:36":0,"s:28:2:116:Infinity":1}}}
,"/Users/nileshchakraborty/workspace/ksco/src/app/api/health/route.ts": {"path":"/Users/nileshchakraborty/workspace/ksco/src/app/api/health/route.ts","statementMap":{"0":{"start":{"line":4,"column":2},"end":{"line":7,"column":null}}},"fnMap":{"0":{"name":"GET","decl":{"start":{"line":3,"column":22},"end":{"line":3,"column":28}},"loc":{"start":{"line":3,"column":28},"end":{"line":7,"column":null}},"line":3}},"branchMap":{},"s":{"0":0},"f":{"0":0},"b":{},"meta":{"lastBranch":0,"lastFunction":1,"lastStatement":1,"seen":{"f:3:22:3:28":0,"s:4:2:7:Infinity":0}}}
,"/Users/nileshchakraborty/workspace/ksco/src/app/api/oauth/token/route.ts": {"path":"/Users/nileshchakraborty/workspace/ksco/src/app/api/oauth/token/route.ts","statementMap":{"0":{"start":{"line":4,"column":2},"end":{"line":10,"column":null}}},"fnMap":{"0":{"name":"POST","decl":{"start":{"line":3,"column":22},"end":{"line":3,"column":29}},"loc":{"start":{"line":3,"column":29},"end":{"line":10,"column":null}},"line":3}},"branchMap":{},"s":{"0":0},"f":{"0":0},"b":{},"meta":{"lastBranch":0,"lastFunction":1,"lastStatement":1,"seen":{"f:3:22:3:29":0,"s:4:2:10:Infinity":0}}}
,"/Users/nileshchakraborty/workspace/ksco/src/app/blog/page.tsx": {"path":"/Users/nileshchakraborty/workspace/ksco/src/app/blog/page.tsx","statementMap":{"0":{"start":{"line":10,"column":34},"end":{"line":22,"column":null}},"1":{"start":{"line":25,"column":16},"end":{"line":25,"column":null}},"2":{"start":{"line":27,"column":2},"end":{"line":154,"column":null}},"3":{"start":{"line":52,"column":14},"end":{"line":72,"column":null}},"4":{"start":{"line":87,"column":14},"end":{"line":104,"column":null}},"5":{"start":{"line":118,"column":14},"end":{"line":150,"column":null}},"6":{"start":{"line":131,"column":20},"end":{"line":133,"column":null}}},"fnMap":{"0":{"name":"BlogIndexPage","decl":{"start":{"line":24,"column":24},"end":{"line":24,"column":40}},"loc":{"start":{"line":24,"column":40},"end":{"line":154,"column":null}},"line":24},"1":{"name":"(anonymous_1)","decl":{"start":{"line":51,"column":20},"end":{"line":51,"column":25}},"loc":{"start":{"line":52,"column":14},"end":{"line":72,"column":null}},"line":52},"2":{"name":"(anonymous_2)","decl":{"start":{"line":86,"column":24},"end":{"line":86,"column":29}},"loc":{"start":{"line":87,"column":14},"end":{"line":104,"column":null}},"line":87},"3":{"name":"(anonymous_3)","decl":{"start":{"line":117,"column":19},"end":{"line":117,"column":24}},"loc":{"start":{"line":118,"column":14},"end":{"line":150,"column":null}},"line":118},"4":{"name":"(anonymous_4)","decl":{"start":{"line":130,"column":41},"end":{"line":130,"column":45}},"loc":{"start":{"line":131,"column":20},"end":{"line":133,"column":null}},"line":131}},"branchMap":{},"s":{"0":0,"1":0,"2":0,"3":0,"4":0,"5":0,"6":0},"f":{"0":0,"1":0,"2":0,"3":0,"4":0},"b":{},"meta":{"lastBranch":0,"lastFunction":5,"lastStatement":7,"seen":{"s:10:34:22:Infinity":0,"f:24:24:24:40":0,"s:25:16:25:Infinity":1,"s:27:2:154:Infinity":2,"f:51:20:51:25":1,"s:52:14:72:Infinity":3,"f:86:24:86:29":2,"s:87:14:104:Infinity":4,"f:117:19:117:24":3,"s:118:14:150:Infinity":5,"f:130:41:130:45":4,"s:131:20:133:Infinity":6}}}
,"/Users/nileshchakraborty/workspace/ksco/src/app/blog/[slug]/page.tsx": {"path":"/Users/nileshchakraborty/workspace/ksco/src/app/blog/[slug]/page.tsx","statementMap":{"0":{"start":{"line":15,"column":2},"end":{"line":17,"column":null}},"1":{"start":{"line":15,"column":40},"end":{"line":16,"column":null}},"2":{"start":{"line":21,"column":19},"end":{"line":21,"column":null}},"3":{"start":{"line":22,"column":15},"end":{"line":22,"column":59}},"4":{"start":{"line":22,"column":43},"end":{"line":22,"column":59}},"5":{"start":{"line":24,"column":2},"end":{"line":25,"column":null}},"6":{"start":{"line":25,"column":4},"end":{"line":25,"column":null}},"7":{"start":{"line":28,"column":2},"end":{"line":49,"column":null}},"8":{"start":{"line":54,"column":13},"end":{"line":54,"column":null}},"9":{"start":{"line":57,"column":2},"end":{"line":57,"column":null}},"10":{"start":{"line":60,"column":2},"end":{"line":60,"column":null}},"11":{"start":{"line":63,"column":2},"end":{"line":63,"column":null}},"12":{"start":{"line":64,"column":2},"end":{"line":64,"column":null}},"13":{"start":{"line":67,"column":21},"end":{"line":73,"column":null}},"14":{"start":{"line":69,"column":4},"end":{"line":70,"column":null}},"15":{"start":{"line":70,"column":6},"end":{"line":70,"column":null}},"16":{"start":{"line":72,"column":4},"end":{"line":72,"column":null}},"17":{"start":{"line":75,"column":2},"end":{"line":75,"column":null}},"18":{"start":{"line":79,"column":19},"end":{"line":79,"column":null}},"19":{"start":{"line":80,"column":15},"end":{"line":80,"column":59}},"20":{"start":{"line":80,"column":43},"end":{"line":80,"column":59}},"21":{"start":{"line":82,"column":2},"end":{"line":83,"column":null}},"22":{"start":{"line":83,"column":4},"end":{"line":83,"column":null}},"23":{"start":{"line":86,"column":2},"end":{"line":176,"column":null}},"24":{"start":{"line":117,"column":14},"end":{"line":119,"column":null}},"25":{"start":{"line":166,"column":16},"end":{"line":172,"column":null}},"26":{"start":{"line":171,"column":59},"end":{"line":171,"column":103}}},"fnMap":{"0":{"name":"generateStaticParams","decl":{"start":{"line":14,"column":22},"end":{"line":14,"column":45}},"loc":{"start":{"line":14,"column":45},"end":{"line":17,"column":null}},"line":14},"1":{"name":"(anonymous_1)","decl":{"start":{"line":15,"column":25},"end":{"line":15,"column":30}},"loc":{"start":{"line":15,"column":40},"end":{"line":16,"column":null}},"line":15},"2":{"name":"generateMetadata","decl":{"start":{"line":20,"column":22},"end":{"line":20,"column":39}},"loc":{"start":{"line":20,"column":77},"end":{"line":49,"column":null}},"line":20},"3":{"name":"(anonymous_3)","decl":{"start":{"line":22,"column":31},"end":{"line":22,"column":37}},"loc":{"start":{"line":22,"column":43},"end":{"line":22,"column":59}},"line":22},"4":{"name":"renderMarkdown","decl":{"start":{"line":53,"column":9},"end":{"line":53,"column":24}},"loc":{"start":{"line":53,"column":41},"end":{"line":75,"column":null}},"line":53},"5":{"name":"(anonymous_5)","decl":{"start":{"line":67,"column":40},"end":{"line":67,"column":44}},"loc":{"start":{"line":67,"column":49},"end":{"line":73,"column":null}},"line":67},"6":{"name":"BlogPostPage","decl":{"start":{"line":78,"column":30},"end":{"line":78,"column":43}},"loc":{"start":{"line":78,"column":62},"end":{"line":176,"column":null}},"line":78},"7":{"name":"(anonymous_7)","decl":{"start":{"line":80,"column":31},"end":{"line":80,"column":37}},"loc":{"start":{"line":80,"column":43},"end":{"line":80,"column":59}},"line":80},"8":{"name":"(anonymous_8)","decl":{"start":{"line":116,"column":23},"end":{"line":116,"column":27}},"loc":{"start":{"line":117,"column":14},"end":{"line":119,"column":null}},"line":117},"9":{"name":"(anonymous_9)","decl":{"start":{"line":165,"column":36},"end":{"line":165,"column":40}},"loc":{"start":{"line":166,"column":16},"end":{"line":172,"column":null}},"line":166},"10":{"name":"(anonymous_10)","decl":{"start":{"line":171,"column":47},"end":{"line":171,"column":51}},"loc":{"start":{"line":171,"column":59},"end":{"line":171,"column":103}},"line":171}},"branchMap":{"0":{"loc":{"start":{"line":24,"column":2},"end":{"line":25,"column":null}},"type":"if","locations":[{"start":{"line":24,"column":2},"end":{"line":25,"column":null}},{"start":{},"end":{}}],"line":24},"1":{"loc":{"start":{"line":69,"column":4},"end":{"line":70,"column":null}},"type":"if","locations":[{"start":{"line":69,"column":4},"end":{"line":70,"column":null}},{"start":{},"end":{}}],"line":69},"2":{"loc":{"start":{"line":69,"column":8},"end":{"line":69,"column":49}},"type":"binary-expr","locations":[{"start":{"line":69,"column":8},"end":{"line":69,"column":26}},{"start":{"line":69,"column":30},"end":{"line":69,"column":49}}],"line":69},"3":{"loc":{"start":{"line":82,"column":2},"end":{"line":83,"column":null}},"type":"if","locations":[{"start":{"line":82,"column":2},"end":{"line":83,"column":null}},{"start":{},"end":{}}],"line":82},"4":{"loc":{"start":{"line":160,"column":7},"end":{"line":176,"column":null}},"type":"binary-expr","locations":[{"start":{"line":160,"column":7},"end":{"line":160,"column":31}},{"start":{"line":160,"column":31},"end":{"line":160,"column":null}},{"start":{"line":161,"column":8},"end":{"line":176,"column":null}}],"line":160}},"s":{"0":0,"1":0,"2":0,"3":0,"4":0,"5":0,"6":0,"7":0,"8":0,"9":0,"10":0,"11":0,"12":0,"13":0,"14":0,"15":0,"16":0,"17":0,"18":0,"19":0,"20":0,"21":0,"22":0,"23":0,"24":0,"25":0,"26":0},"f":{"0":0,"1":0,"2":0,"3":0,"4":0,"5":0,"6":0,"7":0,"8":0,"9":0,"10":0},"b":{"0":[0,0],"1":[0,0],"2":[0,0],"3":[0,0],"4":[0,0,0]},"meta":{"lastBranch":5,"lastFunction":11,"lastStatement":27,"seen":{"f:14:22:14:45":0,"s:15:2:17:Infinity":0,"f:15:25:15:30":1,"s:15:40:16:Infinity":1,"f:20:22:20:39":2,"s:21:19:21:Infinity":2,"s:22:15:22:59":3,"f:22:31:22:37":3,"s:22:43:22:59":4,"b:24:2:25:Infinity:undefined:undefined:undefined:undefined":0,"s:24:2:25:Infinity":5,"s:25:4:25:Infinity":6,"s:28:2:49:Infinity":7,"f:53:9:53:24":4,"s:54:13:54:Infinity":8,"s:57:2:57:Infinity":9,"s:60:2:60:Infinity":10,"s:63:2:63:Infinity":11,"s:64:2:64:Infinity":12,"s:67:21:73:Infinity":13,"f:67:40:67:44":5,"b:69:4:70:Infinity:undefined:undefined:undefined:undefined":1,"s:69:4:70:Infinity":14,"b:69:8:69:26:69:30:69:49":2,"s:70:6:70:Infinity":15,"s:72:4:72:Infinity":16,"s:75:2:75:Infinity":17,"f:78:30:78:43":6,"s:79:19:79:Infinity":18,"s:80:15:80:59":19,"f:80:31:80:37":7,"s:80:43:80:59":20,"b:82:2:83:Infinity:undefined:undefined:undefined:undefined":3,"s:82:2:83:Infinity":21,"s:83:4:83:Infinity":22,"s:86:2:176:Infinity":23,"f:116:23:116:27":8,"s:117:14:119:Infinity":24,"b:160:7:160:31:160:31:160:Infinity:161:8:176:Infinity":4,"f:165:36:165:40":9,"s:166:16:172:Infinity":25,"f:171:47:171:51":10,"s:171:59:171:103":26}}}
,"/Users/nileshchakraborty/workspace/ksco/src/app/category/[slug]/page.tsx": {"path":"/Users/nileshchakraborty/workspace/ksco/src/app/category/[slug]/page.tsx","statementMap":{"0":{"start":{"line":16,"column":2},"end":{"line":18,"column":null}},"1":{"start":{"line":16,"column":39},"end":{"line":17,"column":null}},"2":{"start":{"line":22,"column":19},"end":{"line":22,"column":null}},"3":{"start":{"line":23,"column":8},"end":{"line":23,"column":36}},"4":{"start":{"line":25,"column":2},"end":{"line":26,"column":null}},"5":{"start":{"line":26,"column":4},"end":{"line":26,"column":null}},"6":{"start":{"line":29,"column":14},"end":{"line":29,"column":null}},"7":{"start":{"line":30,"column":8},"end":{"line":30,"column":null}},"8":{"start":{"line":32,"column":2},"end":{"line":51,"column":null}},"9":{"start":{"line":55,"column":19},"end":{"line":55,"column":null}},"10":{"start":{"line":56,"column":8},"end":{"line":56,"column":36}},"11":{"start":{"line":58,"column":2},"end":{"line":59,"column":null}},"12":{"start":{"line":59,"column":4},"end":{"line":59,"column":null}},"13":{"start":{"line":62,"column":8},"end":{"line":62,"column":53}},"14":{"start":{"line":63,"column":28},"end":{"line":63,"column":80}},"15":{"start":{"line":63,"column":56},"end":{"line":63,"column":80}},"16":{"start":{"line":65,"column":27},"end":{"line":81,"column":null}},"17":{"start":{"line":74,"column":56},"end":{"line":79,"column":null}},"18":{"start":{"line":83,"column":27},"end":{"line":100,"column":null}},"19":{"start":{"line":102,"column":2},"end":{"line":252,"column":null}},"20":{"start":{"line":174,"column":14},"end":{"line":174,"column":null}},"21":{"start":{"line":188,"column":18},"end":{"line":189,"column":null}},"22":{"start":{"line":189,"column":20},"end":{"line":189,"column":null}},"23":{"start":{"line":191,"column":18},"end":{"line":192,"column":null}},"24":{"start":{"line":192,"column":20},"end":{"line":192,"column":null}},"25":{"start":{"line":194,"column":18},"end":{"line":194,"column":null}},"26":{"start":{"line":203,"column":22},"end":{"line":206,"column":null}},"27":{"start":{"line":228,"column":14},"end":{"line":237,"column":null}}},"fnMap":{"0":{"name":"generateStaticParams","decl":{"start":{"line":15,"column":22},"end":{"line":15,"column":45}},"loc":{"start":{"line":15,"column":45},"end":{"line":18,"column":null}},"line":15},"1":{"name":"(anonymous_1)","decl":{"start":{"line":16,"column":20},"end":{"line":16,"column":25}},"loc":{"start":{"line":16,"column":39},"end":{"line":17,"column":null}},"line":16},"2":{"name":"generateMetadata","decl":{"start":{"line":21,"column":22},"end":{"line":21,"column":39}},"loc":{"start":{"line":21,"column":77},"end":{"line":51,"column":null}},"line":21},"3":{"name":"CategoryPage","decl":{"start":{"line":54,"column":30},"end":{"line":54,"column":43}},"loc":{"start":{"line":54,"column":62},"end":{"line":252,"column":null}},"line":54},"4":{"name":"(anonymous_4)","decl":{"start":{"line":63,"column":39},"end":{"line":63,"column":47}},"loc":{"start":{"line":63,"column":56},"end":{"line":63,"column":80}},"line":63},"5":{"name":"(anonymous_5)","decl":{"start":{"line":74,"column":34},"end":{"line":74,"column":39}},"loc":{"start":{"line":74,"column":56},"end":{"line":79,"column":null}},"line":74},"6":{"name":"(anonymous_6)","decl":{"start":{"line":173,"column":22},"end":{"line":173,"column":27}},"loc":{"start":{"line":174,"column":14},"end":{"line":174,"column":null}},"line":174},"7":{"name":"(anonymous_7)","decl":{"start":{"line":187,"column":42},"end":{"line":187,"column":47}},"loc":{"start":{"line":187,"column":68},"end":{"line":194,"column":null}},"line":187},"8":{"name":"(anonymous_8)","decl":{"start":{"line":202,"column":35},"end":{"line":202,"column":40}},"loc":{"start":{"line":203,"column":22},"end":{"line":206,"column":null}},"line":203},"9":{"name":"(anonymous_9)","decl":{"start":{"line":227,"column":31},"end":{"line":227,"column":36}},"loc":{"start":{"line":228,"column":14},"end":{"line":237,"column":null}},"line":228}},"branchMap":{"0":{"loc":{"start":{"line":25,"column":2},"end":{"line":26,"column":null}},"type":"if","locations":[{"start":{"line":25,"column":2},"end":{"line":26,"column":null}},{"start":{},"end":{}}],"line":25},"1":{"loc":{"start":{"line":58,"column":2},"end":{"line":59,"column":null}},"type":"if","locations":[{"start":{"line":58,"column":2},"end":{"line":59,"column":null}},{"start":{},"end":{}}],"line":58},"2":{"loc":{"start":{"line":181,"column":7},"end":{"line":212,"column":null}},"type":"binary-expr","locations":[{"start":{"line":181,"column":7},"end":{"line":181,"column":35}},{"start":{"line":181,"column":35},"end":{"line":181,"column":null}},{"start":{"line":182,"column":8},"end":{"line":212,"column":null}}],"line":181},"3":{"loc":{"start":{"line":188,"column":18},"end":{"line":189,"column":null}},"type":"if","locations":[{"start":{"line":188,"column":18},"end":{"line":189,"column":null}},{"start":{},"end":{}}],"line":188},"4":{"loc":{"start":{"line":191,"column":18},"end":{"line":192,"column":null}},"type":"if","locations":[{"start":{"line":191,"column":18},"end":{"line":192,"column":null}},{"start":{},"end":{}}],"line":191},"5":{"loc":{"start":{"line":191,"column":22},"end":{"line":191,"column":76}},"type":"binary-expr","locations":[{"start":{"line":191,"column":22},"end":{"line":191,"column":48}},{"start":{"line":191,"column":52},"end":{"line":191,"column":76}}],"line":191},"6":{"loc":{"start":{"line":198,"column":15},"end":{"line":209,"column":null}},"type":"binary-expr","locations":[{"start":{"line":198,"column":15},"end":{"line":198,"column":32}},{"start":{"line":198,"column":32},"end":{"line":198,"column":null}},{"start":{"line":199,"column":16},"end":{"line":209,"column":null}}],"line":198}},"s":{"0":0,"1":0,"2":0,"3":0,"4":0,"5":0,"6":0,"7":0,"8":0,"9":0,"10":0,"11":0,"12":0,"13":0,"14":0,"15":0,"16":0,"17":0,"18":0,"19":0,"20":0,"21":0,"22":0,"23":0,"24":0,"25":0,"26":0,"27":0},"f":{"0":0,"1":0,"2":0,"3":0,"4":0,"5":0,"6":0,"7":0,"8":0,"9":0},"b":{"0":[0,0],"1":[0,0],"2":[0,0,0],"3":[0,0],"4":[0,0],"5":[0,0],"6":[0,0,0]},"meta":{"lastBranch":7,"lastFunction":10,"lastStatement":28,"seen":{"f:15:22:15:45":0,"s:16:2:18:Infinity":0,"f:16:20:16:25":1,"s:16:39:17:Infinity":1,"f:21:22:21:39":2,"s:22:19:22:Infinity":2,"s:23:8:23:36":3,"b:25:2:26:Infinity:undefined:undefined:undefined:undefined":0,"s:25:2:26:Infinity":4,"s:26:4:26:Infinity":5,"s:29:14:29:Infinity":6,"s:30:8:30:Infinity":7,"s:32:2:51:Infinity":8,"f:54:30:54:43":3,"s:55:19:55:Infinity":9,"s:56:8:56:36":10,"b:58:2:59:Infinity:undefined:undefined:undefined:undefined":1,"s:58:2:59:Infinity":11,"s:59:4:59:Infinity":12,"s:62:8:62:53":13,"s:63:28:63:80":14,"f:63:39:63:47":4,"s:63:56:63:80":15,"s:65:27:81:Infinity":16,"f:74:34:74:39":5,"s:74:56:79:Infinity":17,"s:83:27:100:Infinity":18,"s:102:2:252:Infinity":19,"f:173:22:173:27":6,"s:174:14:174:Infinity":20,"b:181:7:181:35:181:35:181:Infinity:182:8:212:Infinity":2,"f:187:42:187:47":7,"b:188:18:189:Infinity:undefined:undefined:undefined:undefined":3,"s:188:18:189:Infinity":21,"s:189:20:189:Infinity":22,"b:191:18:192:Infinity:undefined:undefined:undefined:undefined":4,"s:191:18:192:Infinity":23,"b:191:22:191:48:191:52:191:76":5,"s:192:20:192:Infinity":24,"s:194:18:194:Infinity":25,"b:198:15:198:32:198:32:198:Infinity:199:16:209:Infinity":6,"f:202:35:202:40":8,"s:203:22:206:Infinity":26,"f:227:31:227:36":9,"s:228:14:237:Infinity":27}}}
,"/Users/nileshchakraborty/workspace/ksco/src/app/clients/page.tsx": {"path":"/Users/nileshchakraborty/workspace/ksco/src/app/clients/page.tsx","statementMap":{"0":{"start":{"line":8,"column":44},"end":{"line":14,"column":null}},"1":{"start":{"line":18,"column":34},"end":{"line":35,"column":null}},"2":{"start":{"line":38,"column":17},"end":{"line":66,"column":null}},"3":{"start":{"line":55,"column":70},"end":{"line":64,"column":null}},"4":{"start":{"line":68,"column":2},"end":{"line":171,"column":null}},"5":{"start":{"line":105,"column":27},"end":{"line":105,"column":null}},"6":{"start":{"line":106,"column":14},"end":{"line":133,"column":null}},"7":{"start":{"line":147,"column":14},"end":{"line":154,"column":null}}},"fnMap":{"0":{"name":"ClientsPage","decl":{"start":{"line":37,"column":24},"end":{"line":37,"column":38}},"loc":{"start":{"line":37,"column":38},"end":{"line":171,"column":null}},"line":37},"1":{"name":"(anonymous_1)","decl":{"start":{"line":55,"column":45},"end":{"line":55,"column":50}},"loc":{"start":{"line":55,"column":70},"end":{"line":64,"column":null}},"line":55},"2":{"name":"(anonymous_2)","decl":{"start":{"line":104,"column":33},"end":{"line":104,"column":38}},"loc":{"start":{"line":104,"column":50},"end":{"line":133,"column":null}},"line":104},"3":{"name":"(anonymous_3)","decl":{"start":{"line":146,"column":41},"end":{"line":146,"column":46}},"loc":{"start":{"line":147,"column":14},"end":{"line":154,"column":null}},"line":147}},"branchMap":{"0":{"loc":{"start":{"line":62,"column":19},"end":{"line":62,"column":null}},"type":"binary-expr","locations":[{"start":{"line":62,"column":19},"end":{"line":62,"column":36}},{"start":{"line":62,"column":36},"end":{"line":62,"column":null}}],"line":62},"1":{"loc":{"start":{"line":105,"column":27},"end":{"line":105,"column":null}},"type":"binary-expr","locations":[{"start":{"line":105,"column":27},"end":{"line":105,"column":66}},{"start":{"line":105,"column":66},"end":{"line":105,"column":null}}],"line":105},"2":{"loc":{"start":{"line":105,"column":35},"end":{"line":105,"column":66}},"type":"binary-expr","locations":[{"start":{"line":105,"column":35},"end":{"line":105,"column":51}},{"start":{"line":105,"column":51},"end":{"line":105,"column":66}}],"line":105},"3":{"loc":{"start":{"line":116,"column":23},"end":{"line":128,"column":null}},"type":"cond-expr","locations":[{"start":{"line":117,"column":24},"end":{"line":124,"column":25}},{"start":{"line":124,"column":24},"end":{"line":128,"column":null}}],"line":116}},"s":{"0":1,"1":1,"2":3,"3":36,"4":3,"5":36,"6":36,"7":60},"f":{"0":3,"1":36,"2":36,"3":60},"b":{"0":[36,30],"1":[36,0],"2":[36,0],"3":[6,30]},"meta":{"lastBranch":4,"lastFunction":4,"lastStatement":8,"seen":{"s:8:44:14:Infinity":0,"s:18:34:35:Infinity":1,"f:37:24:37:38":0,"s:38:17:66:Infinity":2,"f:55:45:55:50":1,"s:55:70:64:Infinity":3,"b:62:19:62:36:62:36:62:Infinity":0,"s:68:2:171:Infinity":4,"f:104:33:104:38":2,"s:105:27:105:Infinity":5,"b:105:27:105:66:105:66:105:Infinity":1,"b:105:35:105:51:105:51:105:66":2,"s:106:14:133:Infinity":6,"b:117:24:124:25:124:24:128:Infinity":3,"f:146:41:146:46":3,"s:147:14:154:Infinity":7}}}
,"/Users/nileshchakraborty/workspace/ksco/src/app/contact/ContactClient.tsx": {"path":"/Users/nileshchakraborty/workspace/ksco/src/app/contact/ContactClient.tsx","statementMap":{"0":{"start":{"line":1,"column":0},"end":{"line":1,"column":null}},"1":{"start":{"line":17,"column":21},"end":{"line":21,"column":null}},"2":{"start":{"line":24,"column":28},"end":{"line":24,"column":84}},"3":{"start":{"line":25,"column":8},"end":{"line":25,"column":40}},"4":{"start":{"line":26,"column":23},"end":{"line":26,"column":null}},"5":{"start":{"line":27,"column":38},"end":{"line":27,"column":59}},"6":{"start":{"line":30,"column":2},"end":{"line":37,"column":null}},"7":{"start":{"line":31,"column":4},"end":{"line":35,"column":null}},"8":{"start":{"line":32,"column":6},"end":{"line":35,"column":null}},"9":{"start":{"line":39,"column":8},"end":{"line":42,"column":null}},"10":{"start":{"line":40,"column":4},"end":{"line":42,"column":null}},"11":{"start":{"line":41,"column":6},"end":{"line":41,"column":null}},"12":{"start":{"line":42,"column":6},"end":{"line":42,"column":null}},"13":{"start":{"line":46,"column":34},"end":{"line":46,"column":52}},"14":{"start":{"line":47,"column":34},"end":{"line":47,"column":52}},"15":{"start":{"line":49,"column":2},"end":{"line":52,"column":null}},"16":{"start":{"line":50,"column":4},"end":{"line":50,"column":null}},"17":{"start":{"line":51,"column":4},"end":{"line":51,"column":null}},"18":{"start":{"line":54,"column":2},"end":{"line":206,"column":null}},"19":{"start":{"line":147,"column":18},"end":{"line":147,"column":null}},"20":{"start":{"line":178,"column":24},"end":{"line":181,"column":null}},"21":{"start":{"line":212,"column":2},"end":{"line":351,"column":null}},"22":{"start":{"line":263,"column":14},"end":{"line":276,"column":null}},"23":{"start":{"line":270,"column":20},"end":{"line":273,"column":null}},"24":{"start":{"line":291,"column":20},"end":{"line":301,"column":null}},"25":{"start":{"line":322,"column":24},"end":{"line":324,"column":null}}},"fnMap":{"0":{"name":"ContactForm","decl":{"start":{"line":23,"column":9},"end":{"line":23,"column":23}},"loc":{"start":{"line":23,"column":23},"end":{"line":206,"column":null}},"line":23},"1":{"name":"(anonymous_1)","decl":{"start":{"line":30,"column":8},"end":{"line":30,"column":24}},"loc":{"start":{"line":30,"column":24},"end":{"line":37,"column":6}},"line":30},"2":{"name":"(anonymous_2)","decl":{"start":{"line":39,"column":8},"end":{"line":39,"column":28}},"loc":{"start":{"line":39,"column":28},"end":{"line":42,"column":null}},"line":39},"3":{"name":"(anonymous_3)","decl":{"start":{"line":49,"column":8},"end":{"line":49,"column":24}},"loc":{"start":{"line":49,"column":24},"end":{"line":52,"column":7}},"line":49},"4":{"name":"(anonymous_4)","decl":{"start":{"line":146,"column":28},"end":{"line":146,"column":33}},"loc":{"start":{"line":147,"column":18},"end":{"line":147,"column":null}},"line":147},"5":{"name":"(anonymous_5)","decl":{"start":{"line":177,"column":24},"end":{"line":177,"column":29}},"loc":{"start":{"line":178,"column":24},"end":{"line":181,"column":null}},"line":178},"6":{"name":"ContactClient","decl":{"start":{"line":211,"column":24},"end":{"line":211,"column":40}},"loc":{"start":{"line":211,"column":40},"end":{"line":351,"column":null}},"line":211},"7":{"name":"(anonymous_7)","decl":{"start":{"line":262,"column":39},"end":{"line":262,"column":44}},"loc":{"start":{"line":263,"column":14},"end":{"line":276,"column":null}},"line":263},"8":{"name":"(anonymous_8)","decl":{"start":{"line":269,"column":40},"end":{"line":269,"column":45}},"loc":{"start":{"line":270,"column":20},"end":{"line":273,"column":null}},"line":270},"9":{"name":"(anonymous_9)","decl":{"start":{"line":290,"column":45},"end":{"line":290,"column":50}},"loc":{"start":{"line":291,"column":20},"end":{"line":301,"column":null}},"line":291},"10":{"name":"(anonymous_10)","decl":{"start":{"line":321,"column":64},"end":{"line":321,"column":69}},"loc":{"start":{"line":322,"column":24},"end":{"line":324,"column":null}},"line":322}},"branchMap":{"0":{"loc":{"start":{"line":26,"column":23},"end":{"line":26,"column":null}},"type":"binary-expr","locations":[{"start":{"line":26,"column":23},"end":{"line":26,"column":48}},{"start":{"line":26,"column":52},"end":{"line":26,"column":null}}],"line":26},"1":{"loc":{"start":{"line":31,"column":4},"end":{"line":35,"column":null}},"type":"if","locations":[{"start":{"line":31,"column":4},"end":{"line":35,"column":null}},{"start":{},"end":{}}],"line":31},"2":{"loc":{"start":{"line":34,"column":15},"end":{"line":34,"column":null}},"type":"binary-expr","locations":[{"start":{"line":34,"column":15},"end":{"line":34,"column":40}},{"start":{"line":34,"column":44},"end":{"line":34,"column":null}}],"line":34},"3":{"loc":{"start":{"line":40,"column":4},"end":{"line":42,"column":null}},"type":"if","locations":[{"start":{"line":40,"column":4},"end":{"line":42,"column":null}},{"start":{},"end":{}}],"line":40},"4":{"loc":{"start":{"line":50,"column":16},"end":{"line":50,"column":44}},"type":"binary-expr","locations":[{"start":{"line":50,"column":16},"end":{"line":50,"column":37}},{"start":{"line":50,"column":37},"end":{"line":50,"column":44}}],"line":50},"5":{"loc":{"start":{"line":62,"column":9},"end":{"line":199,"column":null}},"type":"cond-expr","locations":[{"start":{"line":63,"column":10},"end":{"line":73,"column":11}},{"start":{"line":73,"column":10},"end":{"line":199,"column":null}}],"line":62},"6":{"loc":{"start":{"line":74,"column":13},"end":{"line":77,"column":null}},"type":"binary-expr","locations":[{"start":{"line":74,"column":13},"end":{"line":74,"column":31}},{"start":{"line":74,"column":31},"end":{"line":74,"column":null}},{"start":{"line":75,"column":14},"end":{"line":77,"column":null}}],"line":74},"7":{"loc":{"start":{"line":91,"column":17},"end":{"line":91,"column":null}},"type":"binary-expr","locations":[{"start":{"line":91,"column":17},"end":{"line":91,"column":40}},{"start":{"line":91,"column":40},"end":{"line":91,"column":null}}],"line":91},"8":{"loc":{"start":{"line":104,"column":17},"end":{"line":104,"column":null}},"type":"binary-expr","locations":[{"start":{"line":104,"column":17},"end":{"line":104,"column":41}},{"start":{"line":104,"column":41},"end":{"line":104,"column":null}}],"line":104},"9":{"loc":{"start":{"line":117,"column":17},"end":{"line":117,"column":null}},"type":"binary-expr","locations":[{"start":{"line":117,"column":17},"end":{"line":117,"column":41}},{"start":{"line":117,"column":41},"end":{"line":117,"column":null}}],"line":117},"10":{"loc":{"start":{"line":130,"column":17},"end":{"line":130,"column":null}},"type":"binary-expr","locations":[{"start":{"line":130,"column":17},"end":{"line":130,"column":40}},{"start":{"line":130,"column":40},"end":{"line":130,"column":null}}],"line":130},"11":{"loc":{"start":{"line":135,"column":57},"end":{"line":135,"column":103}},"type":"binary-expr","locations":[{"start":{"line":135,"column":57},"end":{"line":135,"column":87}},{"start":{"line":135,"column":91},"end":{"line":135,"column":103}}],"line":135},"12":{"loc":{"start":{"line":151,"column":15},"end":{"line":151,"column":null}},"type":"binary-expr","locations":[{"start":{"line":151,"column":15},"end":{"line":151,"column":39}},{"start":{"line":151,"column":39},"end":{"line":151,"column":null}}],"line":151},"13":{"loc":{"start":{"line":166,"column":21},"end":{"line":166,"column":null}},"type":"binary-expr","locations":[{"start":{"line":166,"column":21},"end":{"line":166,"column":52}},{"start":{"line":166,"column":52},"end":{"line":166,"column":null}}],"line":166},"14":{"loc":{"start":{"line":199,"column":15},"end":{"line":199,"column":71}},"type":"cond-expr","locations":[{"start":{"line":199,"column":27},"end":{"line":199,"column":45}},{"start":{"line":199,"column":45},"end":{"line":199,"column":71}}],"line":199},"15":{"loc":{"start":{"line":199,"column":73},"end":{"line":199,"column":null}},"type":"binary-expr","locations":[{"start":{"line":199,"column":73},"end":{"line":199,"column":87}},{"start":{"line":199,"column":87},"end":{"line":199,"column":null}}],"line":199}},"s":{"0":1,"1":1,"2":6,"3":6,"4":6,"5":6,"6":6,"7":6,"8":0,"9":6,"10":0,"11":0,"12":0,"13":6,"14":6,"15":6,"16":3,"17":3,"18":6,"19":30,"20":30,"21":3,"22":9,"23":18,"24":6,"25":6},"f":{"0":6,"1":6,"2":0,"3":3,"4":30,"5":30,"6":3,"7":9,"8":18,"9":6,"10":6},"b":{"0":[6,6],"1":[0,6],"2":[0,0],"3":[0,0],"4":[3,3],"5":[0,6],"6":[6,0,0],"7":[6,0],"8":[6,0],"9":[6,0],"10":[6,0],"11":[6,6],"12":[6,0],"13":[6,0],"14":[0,6],"15":[6,6]},"meta":{"lastBranch":16,"lastFunction":11,"lastStatement":26,"seen":{"s:1:0:1:Infinity":0,"s:17:21:21:Infinity":1,"f:23:9:23:23":0,"s:24:28:24:84":2,"s:25:8:25:40":3,"s:26:23:26:Infinity":4,"b:26:23:26:48:26:52:26:Infinity":0,"s:27:38:27:59":5,"s:30:2:37:Infinity":6,"f:30:8:30:24":1,"b:31:4:35:Infinity:undefined:undefined:undefined:undefined":1,"s:31:4:35:Infinity":7,"s:32:6:35:Infinity":8,"b:34:15:34:40:34:44:34:Infinity":2,"s:39:8:42:Infinity":9,"f:39:8:39:28":2,"b:40:4:42:Infinity:undefined:undefined:undefined:undefined":3,"s:40:4:42:Infinity":10,"s:41:6:41:Infinity":11,"s:42:6:42:Infinity":12,"s:46:34:46:52":13,"s:47:34:47:52":14,"s:49:2:52:Infinity":15,"f:49:8:49:24":3,"s:50:4:50:Infinity":16,"b:50:16:50:37:50:37:50:44":4,"s:51:4:51:Infinity":17,"s:54:2:206:Infinity":18,"b:63:10:73:11:73:10:199:Infinity":5,"b:74:13:74:31:74:31:74:Infinity:75:14:77:Infinity":6,"b:91:17:91:40:91:40:91:Infinity":7,"b:104:17:104:41:104:41:104:Infinity":8,"b:117:17:117:41:117:41:117:Infinity":9,"b:130:17:130:40:130:40:130:Infinity":10,"b:135:57:135:87:135:91:135:103":11,"f:146:28:146:33":4,"s:147:18:147:Infinity":19,"b:151:15:151:39:151:39:151:Infinity":12,"b:166:21:166:52:166:52:166:Infinity":13,"f:177:24:177:29":5,"s:178:24:181:Infinity":20,"b:199:27:199:45:199:45:199:71":14,"b:199:73:199:87:199:87:199:Infinity":15,"f:211:24:211:40":6,"s:212:2:351:Infinity":21,"f:262:39:262:44":7,"s:263:14:276:Infinity":22,"f:269:40:269:45":8,"s:270:20:273:Infinity":23,"f:290:45:290:50":9,"s:291:20:301:Infinity":24,"f:321:64:321:69":10,"s:322:24:324:Infinity":25}}}
,"/Users/nileshchakraborty/workspace/ksco/src/app/contact/page.tsx": {"path":"/Users/nileshchakraborty/workspace/ksco/src/app/contact/page.tsx","statementMap":{"0":{"start":{"line":4,"column":34},"end":{"line":7,"column":null}},"1":{"start":{"line":10,"column":2},"end":{"line":10,"column":null}}},"fnMap":{"0":{"name":"ContactPage","decl":{"start":{"line":9,"column":24},"end":{"line":9,"column":38}},"loc":{"start":{"line":9,"column":38},"end":{"line":10,"column":null}},"line":9}},"branchMap":{},"s":{"0":1,"1":3},"f":{"0":3},"b":{},"meta":{"lastBranch":0,"lastFunction":1,"lastStatement":2,"seen":{"s:4:34:7:Infinity":0,"f:9:24:9:38":0,"s:10:2:10:Infinity":1}}}
,"/Users/nileshchakraborty/workspace/ksco/src/app/docs/api/page.tsx": {"path":"/Users/nileshchakraborty/workspace/ksco/src/app/docs/api/page.tsx","statementMap":{"0":{"start":{"line":3,"column":24},"end":{"line":6,"column":null}},"1":{"start":{"line":9,"column":2},"end":{"line":39,"column":null}},"2":{"start":{"line":27,"column":12},"end":{"line":35,"column":null}}},"fnMap":{"0":{"name":"ApiDocsPage","decl":{"start":{"line":8,"column":24},"end":{"line":8,"column":38}},"loc":{"start":{"line":8,"column":38},"end":{"line":39,"column":null}},"line":8},"1":{"name":"(anonymous_1)","decl":{"start":{"line":26,"column":12},"end":{"line":26,"column":17}},"loc":{"start":{"line":27,"column":12},"end":{"line":35,"column":null}},"line":27}},"branchMap":{},"s":{"0":0,"1":0,"2":0},"f":{"0":0,"1":0},"b":{},"meta":{"lastBranch":0,"lastFunction":2,"lastStatement":3,"seen":{"s:3:24:6:Infinity":0,"f:8:24:8:38":0,"s:9:2:39:Infinity":1,"f:26:12:26:17":1,"s:27:12:35:Infinity":2}}}
,"/Users/nileshchakraborty/workspace/ksco/src/app/faq/page.tsx": {"path":"/Users/nileshchakraborty/workspace/ksco/src/app/faq/page.tsx","statementMap":{"0":{"start":{"line":8,"column":17},"end":{"line":8,"column":null}},"1":{"start":{"line":10,"column":44},"end":{"line":17,"column":null}},"2":{"start":{"line":19,"column":34},"end":{"line":29,"column":null}},"3":{"start":{"line":32,"column":8},"end":{"line":32,"column":30}},"4":{"start":{"line":34,"column":20},"end":{"line":45,"column":null}},"5":{"start":{"line":37,"column":38},"end":{"line":44,"column":null}},"6":{"start":{"line":47,"column":27},"end":{"line":54,"column":null}},"7":{"start":{"line":56,"column":2},"end":{"line":130,"column":null}},"8":{"start":{"line":81,"column":14},"end":{"line":87,"column":null}},"9":{"start":{"line":94,"column":27},"end":{"line":94,"column":null}},"10":{"start":{"line":95,"column":14},"end":{"line":114,"column":null}},"11":{"start":{"line":105,"column":22},"end":{"line":111,"column":null}}},"fnMap":{"0":{"name":"FaqPage","decl":{"start":{"line":31,"column":24},"end":{"line":31,"column":34}},"loc":{"start":{"line":31,"column":34},"end":{"line":130,"column":null}},"line":31},"1":{"name":"(anonymous_1)","decl":{"start":{"line":37,"column":24},"end":{"line":37,"column":29}},"loc":{"start":{"line":37,"column":38},"end":{"line":44,"column":null}},"line":37},"2":{"name":"(anonymous_2)","decl":{"start":{"line":80,"column":27},"end":{"line":80,"column":32}},"loc":{"start":{"line":81,"column":14},"end":{"line":87,"column":null}},"line":81},"3":{"name":"(anonymous_3)","decl":{"start":{"line":93,"column":27},"end":{"line":93,"column":32}},"loc":{"start":{"line":93,"column":40},"end":{"line":114,"column":null}},"line":93},"4":{"name":"(anonymous_4)","decl":{"start":{"line":104,"column":30},"end":{"line":104,"column":35}},"loc":{"start":{"line":105,"column":22},"end":{"line":111,"column":null}},"line":105}},"branchMap":{"0":{"loc":{"start":{"line":94,"column":27},"end":{"line":94,"column":null}},"type":"binary-expr","locations":[{"start":{"line":94,"column":27},"end":{"line":94,"column":48}},{"start":{"line":94,"column":48},"end":{"line":94,"column":null}}],"line":94}},"s":{"0":0,"1":0,"2":0,"3":0,"4":0,"5":0,"6":0,"7":0,"8":0,"9":0,"10":0,"11":0},"f":{"0":0,"1":0,"2":0,"3":0,"4":0},"b":{"0":[0,0]},"meta":{"lastBranch":1,"lastFunction":5,"lastStatement":12,"seen":{"s:8:17:8:Infinity":0,"s:10:44:17:Infinity":1,"s:19:34:29:Infinity":2,"f:31:24:31:34":0,"s:32:8:32:30":3,"s:34:20:45:Infinity":4,"f:37:24:37:29":1,"s:37:38:44:Infinity":5,"s:47:27:54:Infinity":6,"s:56:2:130:Infinity":7,"f:80:27:80:32":2,"s:81:14:87:Infinity":8,"f:93:27:93:32":3,"s:94:27:94:Infinity":9,"b:94:27:94:48:94:48:94:Infinity":0,"s:95:14:114:Infinity":10,"f:104:30:104:35":4,"s:105:22:111:Infinity":11}}}
[...]
b/analytics-client.ts": {"path":"/Users/nileshchakraborty/workspace/ksco/src/lib/analytics-client.ts","statementMap":{"0":{"start":{"line":11,"column":2},"end":{"line":13,"column":null}},"1":{"start":{"line":13,"column":4},"end":{"line":13,"column":null}},"2":{"start":{"line":21,"column":2},"end":{"line":25,"column":null}},"3":{"start":{"line":32,"column":2},"end":{"line":34,"column":null}},"4":{"start":{"line":41,"column":2},"end":{"line":43,"column":null}},"5":{"start":{"line":50,"column":2},"end":{"line":53,"column":null}}},"fnMap":{"0":{"name":"trackClientEvent","decl":{"start":{"line":10,"column":16},"end":{"line":10,"column":33}},"loc":{"start":{"line":10,"column":90},"end":{"line":13,"column":null}},"line":10},"1":{"name":"trackQuoteClick","decl":{"start":{"line":20,"column":16},"end":{"line":20,"column":32}},"loc":{"start":{"line":20,"column":65},"end":{"line":25,"column":null}},"line":20},"2":{"name":"trackFormStart","decl":{"start":{"line":31,"column":16},"end":{"line":31,"column":31}},"loc":{"start":{"line":31,"column":49},"end":{"line":34,"column":null}},"line":31},"3":{"name":"trackContactClick","decl":{"start":{"line":40,"column":16},"end":{"line":40,"column":34}},"loc":{"start":{"line":40,"column":83},"end":{"line":43,"column":null}},"line":40},"4":{"name":"trackSearch","decl":{"start":{"line":49,"column":16},"end":{"line":49,"column":28}},"loc":{"start":{"line":49,"column":65},"end":{"line":53,"column":null}},"line":49}},"branchMap":{"0":{"loc":{"start":{"line":10,"column":52},"end":{"line":10,"column":88}},"type":"default-arg","locations":[{"start":{"line":10,"column":86},"end":{"line":10,"column":88}}],"line":10},"1":{"loc":{"start":{"line":11,"column":2},"end":{"line":13,"column":null}},"type":"if","locations":[{"start":{"line":11,"column":2},"end":{"line":13,"column":null}},{"start":{},"end":{}}],"line":11},"2":{"loc":{"start":{"line":11,"column":6},"end":{"line":11,"column":57}},"type":"binary-expr","locations":[{"start":{"line":11,"column":6},"end":{"line":11,"column":39}},{"start":{"line":11,"column":39},"end":{"line":11,"column":57}}],"line":11}},"s":{"0":0,"1":0,"2":0,"3":0,"4":0,"5":0},"f":{"0":0,"1":0,"2":0,"3":0,"4":0},"b":{"0":[0],"1":[0,0],"2":[0,0]},"meta":{"lastBranch":3,"lastFunction":5,"lastStatement":6,"seen":{"f:10:16:10:33":0,"b:10:86:10:88":0,"b:11:2:13:Infinity:undefined:undefined:undefined:undefined":1,"s:11:2:13:Infinity":0,"b:11:6:11:39:11:39:11:57":2,"s:13:4:13:Infinity":1,"f:20:16:20:32":1,"s:21:2:25:Infinity":2,"f:31:16:31:31":2,"s:32:2:34:Infinity":3,"f:40:16:40:34":3,"s:41:2:43:Infinity":4,"f:49:16:49:28":4,"s:50:2:53:Infinity":5}}}
,"/Users/nileshchakraborty/workspace/ksco/src/lib/analytics.ts": {"path":"/Users/nileshchakraborty/workspace/ksco/src/lib/analytics.ts","statementMap":{"0":{"start":{"line":16,"column":20},"end":{"line":18,"column":null}},"1":{"start":{"line":20,"column":35},"end":{"line":21,"column":null}},"2":{"start":{"line":29,"column":21},"end":{"line":47,"column":4}},"3":{"start":{"line":49,"column":2},"end":{"line":49,"column":null}},"4":{"start":{"line":67,"column":24},"end":{"line":67,"column":null}},"5":{"start":{"line":68,"column":20},"end":{"line":68,"column":null}},"6":{"start":{"line":70,"column":2},"end":{"line":72,"column":null}},"7":{"start":{"line":71,"column":4},"end":{"line":71,"column":null}},"8":{"start":{"line":72,"column":4},"end":{"line":72,"column":null}},"9":{"start":{"line":75,"column":14},"end":{"line":75,"column":null}},"10":{"start":{"line":77,"column":2},"end":{"line":93,"column":null}},"11":{"start":{"line":78,"column":21},"end":{"line":87,"column":6}},"12":{"start":{"line":89,"column":4},"end":{"line":90,"column":null}},"13":{"start":{"line":90,"column":6},"end":{"line":90,"column":null}},"14":{"start":{"line":93,"column":4},"end":{"line":93,"column":null}}},"fnMap":{"0":{"name":"getPageViews","decl":{"start":{"line":28,"column":22},"end":{"line":28,"column":35}},"loc":{"start":{"line":28,"column":55},"end":{"line":49,"column":null}},"line":28},"1":{"name":"trackServerEvent","decl":{"start":{"line":62,"column":22},"end":{"line":62,"column":null}},"loc":{"start":{"line":66,"column":2},"end":{"line":93,"column":null}},"line":66}},"branchMap":{"0":{"loc":{"start":{"line":16,"column":20},"end":{"line":18,"column":null}},"type":"cond-expr","locations":[{"start":{"line":17,"column":4},"end":{"line":17,"column":52}},{"start":{"line":18,"column":4},"end":{"line":18,"column":null}}],"line":16},"1":{"loc":{"start":{"line":21,"column":2},"end":{"line":21,"column":null}},"type":"cond-expr","locations":[{"start":{"line":21,"column":16},"end":{"line":21,"column":31}},{"start":{"line":21,"column":34},"end":{"line":21,"column":null}}],"line":21},"2":{"loc":{"start":{"line":65,"column":2},"end":{"line":65,"column":38}},"type":"default-arg","locations":[{"start":{"line":65,"column":36},"end":{"line":65,"column":38}}],"line":65},"3":{"loc":{"start":{"line":70,"column":2},"end":{"line":72,"column":null}},"type":"if","locations":[{"start":{"line":70,"column":2},"end":{"line":72,"column":null}},{"start":{},"end":{}}],"line":70},"4":{"loc":{"start":{"line":70,"column":6},"end":{"line":70,"column":36}},"type":"binary-expr","locations":[{"start":{"line":70,"column":6},"end":{"line":70,"column":24}},{"start":{"line":70,"column":24},"end":{"line":70,"column":36}}],"line":70},"5":{"loc":{"start":{"line":89,"column":4},"end":{"line":90,"column":null}},"type":"if","locations":[{"start":{"line":89,"column":4},"end":{"line":90,"column":null}},{"start":{},"end":{}}],"line":89}},"s":{"0":0,"1":0,"2":0,"3":0,"4":0,"5":0,"6":0,"7":0,"8":0,"9":0,"10":0,"11":0,"12":0,"13":0,"14":0},"f":{"0":0,"1":0},"b":{"0":[0,0],"1":[0,0],"2":[0],"3":[0,0],"4":[0,0],"5":[0,0]},"meta":{"lastBranch":6,"lastFunction":2,"lastStatement":15,"seen":{"s:16:20:18:Infinity":0,"b:17:4:17:52:18:4:18:Infinity":0,"s:20:35:21:Infinity":1,"b:21:16:21:31:21:34:21:Infinity":1,"f:28:22:28:35":0,"s:29:21:47:4":2,"s:49:2:49:Infinity":3,"f:62:22:62:Infinity":1,"b:65:36:65:38":2,"s:67:24:67:Infinity":4,"s:68:20:68:Infinity":5,"b:70:2:72:Infinity:undefined:undefined:undefined:undefined":3,"s:70:2:72:Infinity":6,"b:70:6:70:24:70:24:70:36":4,"s:71:4:71:Infinity":7,"s:72:4:72:Infinity":8,"s:75:14:75:Infinity":9,"s:77:2:93:Infinity":10,"s:78:21:87:6":11,"b:89:4:90:Infinity:undefined:undefined:undefined:undefined":5,"s:89:4:90:Infinity":12,"s:90:6:90:Infinity":13,"s:93:4:93:Infinity":14}}}
,"/Users/nileshchakraborty/workspace/ksco/src/lib/catalog.ts": {"path":"/Users/nileshchakraborty/workspace/ksco/src/lib/catalog.ts","statementMap":{"0":{"start":{"line":105,"column":23},"end":{"line":105,"column":null}},"1":{"start":{"line":171,"column":26},"end":{"line":171,"column":null}},"2":{"start":{"line":172,"column":24},"end":{"line":172,"column":null}},"3":{"start":{"line":174,"column":26},"end":{"line":174,"column":null}},"4":{"start":{"line":179,"column":20},"end":{"line":179,"column":null}},"5":{"start":{"line":276,"column":21},"end":{"line":276,"column":null}},"6":{"start":{"line":281,"column":24},"end":{"line":281,"column":null}},"7":{"start":{"line":285,"column":24},"end":{"line":285,"column":null}},"8":{"start":{"line":288,"column":2},"end":{"line":288,"column":null}},"9":{"start":{"line":288,"column":39},"end":{"line":288,"column":66}},"10":{"start":{"line":292,"column":2},"end":{"line":292,"column":null}},"11":{"start":{"line":292,"column":36},"end":{"line":292,"column":58}},"12":{"start":{"line":296,"column":2},"end":{"line":296,"column":null}},"13":{"start":{"line":296,"column":38},"end":{"line":296,"column":89}},"14":{"start":{"line":300,"column":2},"end":{"line":300,"column":null}},"15":{"start":{"line":304,"column":2},"end":{"line":304,"column":null}},"16":{"start":{"line":308,"column":2},"end":{"line":308,"column":null}},"17":{"start":{"line":312,"column":2},"end":{"line":312,"column":null}},"18":{"start":{"line":316,"column":20},"end":{"line":325,"column":null}},"19":{"start":{"line":327,"column":2},"end":{"line":330,"column":null}},"20":{"start":{"line":328,"column":19},"end":{"line":328,"column":35}},"21":{"start":{"line":329,"column":45},"end":{"line":329,"column":61}}},"fnMap":{"0":{"name":"getCategory","decl":{"start":{"line":287,"column":16},"end":{"line":287,"column":28}},"loc":{"start":{"line":287,"column":48},"end":{"line":288,"column":null}},"line":287},"1":{"name":"(anonymous_1)","decl":{"start":{"line":288,"column":20},"end":{"line":288,"column":26}},"loc":{"start":{"line":288,"column":39},"end":{"line":288,"column":66}},"line":288},"2":{"name":"getProduct","decl":{"start":{"line":291,"column":16},"end":{"line":291,"column":27}},"loc":{"start":{"line":291,"column":41},"end":{"line":292,"column":null}},"line":291},"3":{"name":"(anonymous_3)","decl":{"start":{"line":292,"column":18},"end":{"line":292,"column":24}},"loc":{"start":{"line":292,"column":36},"end":{"line":292,"column":58}},"line":292},"4":{"name":"getProductsByCategory","decl":{"start":{"line":295,"column":16},"end":{"line":295,"column":38}},"loc":{"start":{"line":295,"column":58},"end":{"line":296,"column":null}},"line":295},"5":{"name":"(anonymous_5)","decl":{"start":{"line":296,"column":18},"end":{"line":296,"column":26}},"loc":{"start":{"line":296,"column":38},"end":{"line":296,"column":89}},"line":296},"6":{"name":"getProductCategoryIds","decl":{"start":{"line":299,"column":16},"end":{"line":299,"column":38}},"loc":{"start":{"line":299,"column":56},"end":{"line":300,"column":null}},"line":299},"7":{"name":"getProductPrimaryCategoryId","decl":{"start":{"line":303,"column":16},"end":{"line":303,"column":44}},"loc":{"start":{"line":303,"column":62},"end":{"line":304,"column":null}},"line":303},"8":{"name":"getProductPrimaryCategory","decl":{"start":{"line":307,"column":16},"end":{"line":307,"column":42}},"loc":{"start":{"line":307,"column":60},"end":{"line":308,"column":null}},"line":307},"9":{"name":"getProductCategoryLabel","decl":{"start":{"line":311,"column":16},"end":{"line":311,"column":40}},"loc":{"start":{"line":311,"column":58},"end":{"line":312,"column":null}},"line":311},"10":{"name":"getFeaturedProducts","decl":{"start":{"line":315,"column":16},"end":{"line":315,"column":36}},"loc":{"start":{"line":315,"column":47},"end":{"line":330,"column":null}},"line":315},"11":{"name":"(anonymous_11)","decl":{"start":{"line":328,"column":5},"end":{"line":328,"column":10}},"loc":{"start":{"line":328,"column":19},"end":{"line":328,"column":35}},"line":328},"12":{"name":"(anonymous_12)","decl":{"start":{"line":329,"column":5},"end":{"line":329,"column":13}},"loc":{"start":{"line":329,"column":45},"end":{"line":329,"column":61}},"line":329}},"branchMap":{"0":{"loc":{"start":{"line":300,"column":9},"end":{"line":300,"column":84}},"type":"cond-expr","locations":[{"start":{"line":300,"column":38},"end":{"line":300,"column":59}},{"start":{"line":300,"column":59},"end":{"line":300,"column":84}}],"line":300},"1":{"loc":{"start":{"line":304,"column":9},"end":{"line":304,"column":null}},"type":"binary-expr","locations":[{"start":{"line":304,"column":9},"end":{"line":304,"column":36}},{"start":{"line":304,"column":36},"end":{"line":304,"column":null}}],"line":304},"2":{"loc":{"start":{"line":312,"column":9},"end":{"line":312,"column":109}},"type":"binary-expr","locations":[{"start":{"line":312,"column":9},"end":{"line":312,"column":54}},{"start":{"line":312,"column":54},"end":{"line":312,"column":109}}],"line":312},"3":{"loc":{"start":{"line":315,"column":36},"end":{"line":315,"column":47}},"type":"default-arg","locations":[{"start":{"line":315,"column":44},"end":{"line":315,"column":47}}],"line":315}},"s":{"0":12,"1":12,"2":12,"3":12,"4":12,"5":12,"6":12,"7":12,"8":15,"9":31,"10":51,"11":790,"12":28,"13":644,"14":690,"15":16,"16":13,"17":13,"18":6,"19":6,"20":48,"21":48},"f":{"0":15,"1":31,"2":51,"3":790,"4":28,"5":644,"6":690,"7":16,"8":13,"9":13,"10":6,"11":48,"12":48},"b":{"0":[690,0],"1":[16,0],"2":[13,3],"3":[6]},"meta":{"lastBranch":4,"lastFunction":13,"lastStatement":22,"seen":{"s:105:23:105:Infinity":0,"s:171:26:171:Infinity":1,"s:172:24:172:Infinity":2,"s:174:26:174:Infinity":3,"s:179:20:179:Infinity":4,"s:276:21:276:Infinity":5,"s:281:24:281:Infinity":6,"s:285:24:285:Infinity":7,"f:287:16:287:28":0,"s:288:2:288:Infinity":8,"f:288:20:288:26":1,"s:288:39:288:66":9,"f:291:16:291:27":2,"s:292:2:292:Infinity":10,"f:292:18:292:24":3,"s:292:36:292:58":11,"f:295:16:295:38":4,"s:296:2:296:Infinity":12,"f:296:18:296:26":5,"s:296:38:296:89":13,"f:299:16:299:38":6,"s:300:2:300:Infinity":14,"b:300:38:300:59:300:59:300:84":0,"f:303:16:303:44":7,"s:304:2:304:Infinity":15,"b:304:9:304:36:304:36:304:Infinity":1,"f:307:16:307:42":8,"s:308:2:308:Infinity":16,"f:311:16:311:40":9,"s:312:2:312:Infinity":17,"b:312:9:312:54:312:54:312:109":2,"f:315:16:315:36":10,"b:315:44:315:47":3,"s:316:20:325:Infinity":18,"s:327:2:330:Infinity":19,"f:328:5:328:10":11,"s:328:19:328:35":20,"f:329:5:329:13":12,"s:329:45:329:61":21}}}
,"/Users/nileshchakraborty/workspace/ksco/src/lib/sanitize.ts": {"path":"/Users/nileshchakraborty/workspace/ksco/src/lib/sanitize.ts","statementMap":{"0":{"start":{"line":4,"column":2},"end":{"line":25,"column":null}}},"fnMap":{"0":{"name":"sanitizeTrustedHtml","decl":{"start":{"line":3,"column":16},"end":{"line":3,"column":36}},"loc":{"start":{"line":3,"column":50},"end":{"line":25,"column":null}},"line":3}},"branchMap":{},"s":{"0":0},"f":{"0":0},"b":{},"meta":{"lastBranch":0,"lastFunction":1,"lastStatement":1,"seen":{"f:3:16:3:36":0,"s:4:2:25:Infinity":0}}}
,"/Users/nileshchakraborty/workspace/ksco/src/lib/trie.ts": {"path":"/Users/nileshchakraborty/workspace/ksco/src/lib/trie.ts","statementMap":{"0":{"start":{"line":8,"column":42},"end":{"line":8,"column":44}},"1":{"start":{"line":9,"column":30},"end":{"line":9,"column":39}},"2":{"start":{"line":13,"column":19},"end":{"line":13,"column":33}},"3":{"start":{"line":20,"column":18},"end":{"line":20,"column":73}},"4":{"start":{"line":22,"column":4},"end":{"line":31,"column":null}},"5":{"start":{"line":23,"column":17},"end":{"line":23,"column":null}},"6":{"start":{"line":24,"column":6},"end":{"line":31,"column":null}},"7":{"start":{"line":25,"column":8},"end":{"line":26,"column":null}},"8":{"start":{"line":26,"column":10},"end":{"line":26,"column":null}},"9":{"start":{"line":28,"column":8},"end":{"line":28,"column":null}},"10":{"start":{"line":31,"column":8},"end":{"line":31,"column":null}},"11":{"start":{"line":40,"column":15},"end":{"line":40,"column":null}},"12":{"start":{"line":41,"column":4},"end":{"line":45,"column":null}},"13":{"start":{"line":42,"column":6},"end":{"line":43,"column":null}},"14":{"start":{"line":43,"column":8},"end":{"line":43,"column":null}},"15":{"start":{"line":45,"column":6},"end":{"line":45,"column":null}},"16":{"start":{"line":47,"column":4},"end":{"line":47,"column":null}},"17":{"start":{"line":55,"column":36},"end":{"line":55,"column":null}},"18":{"start":{"line":58,"column":2},"end":{"line":58,"column":null}},"19":{"start":{"line":58,"column":18},"end":{"line":58,"column":null}},"20":{"start":{"line":60,"column":15},"end":{"line":60,"column":31}},"21":{"start":{"line":61,"column":28},"end":{"line":61,"column":96}},"22":{"start":{"line":61,"column":65},"end":{"line":61,"column":94}},"23":{"start":{"line":63,"column":2},"end":{"line":76,"column":null}},"24":{"start":{"line":64,"column":10},"end":{"line":64,"column":54}},"25":{"start":{"line":65,"column":27},"end":{"line":74,"column":15}},"26":{"start":{"line":69,"column":33},"end":{"line":69,"column":65}},"27":{"start":{"line":76,"column":4},"end":{"line":76,"column":null}},"28":{"start":{"line":79,"column":2},"end":{"line":79,"column":null}},"29":{"start":{"line":80,"column":2},"end":{"line":80,"column":null}}},"fnMap":{"0":{"name":"(anonymous_0)","decl":{"start":{"line":19,"column":2},"end":{"line":19,"column":9}},"loc":{"start":{"line":19,"column":37},"end":{"line":31,"column":null}},"line":19},"1":{"name":"(anonymous_1)","decl":{"start":{"line":39,"column":2},"end":{"line":39,"column":9}},"loc":{"start":{"line":39,"column":38},"end":{"line":47,"column":null}},"line":39},"2":{"name":"getProductTrie","decl":{"start":{"line":57,"column":16},"end":{"line":57,"column":31}},"loc":{"start":{"line":57,"column":52},"end":{"line":80,"column":null}},"line":57},"3":{"name":"(anonymous_3)","decl":{"start":{"line":61,"column":47},"end":{"line":61,"column":52}},"loc":{"start":{"line":61,"column":65},"end":{"line":61,"column":94}},"line":61},"4":{"name":"(anonymous_4)","decl":{"start":{"line":69,"column":21},"end":{"line":69,"column":26}},"loc":{"start":{"line":69,"column":33},"end":{"line":69,"column":65}},"line":69}},"branchMap":{"0":{"loc":{"start":{"line":25,"column":8},"end":{"line":26,"column":null}},"type":"if","locations":[{"start":{"line":25,"column":8},"end":{"line":26,"column":null}},{"start":{},"end":{}}],"line":25},"1":{"loc":{"start":{"line":42,"column":6},"end":{"line":43,"column":null}},"type":"if","locations":[{"start":{"line":42,"column":6},"end":{"line":43,"column":null}},{"start":{},"end":{}}],"line":42},"2":{"loc":{"start":{"line":58,"column":2},"end":{"line":58,"column":null}},"type":"if","locations":[{"start":{"line":58,"column":2},"end":{"line":58,"column":null}},{"start":{},"end":{}}],"line":58},"3":{"loc":{"start":{"line":69,"column":33},"end":{"line":69,"column":65}},"type":"binary-expr","locations":[{"start":{"line":69,"column":33},"end":{"line":69,"column":58}},{"start":{"line":69,"column":62},"end":{"line":69,"column":65}}],"line":69},"4":{"loc":{"start":{"line":70,"column":10},"end":{"line":70,"column":28}},"type":"binary-expr","locations":[{"start":{"line":70,"column":10},"end":{"line":70,"column":26}},{"start":{"line":70,"column":26},"end":{"line":70,"column":28}}],"line":70},"5":{"loc":{"start":{"line":73,"column":23},"end":{"line":73,"column":51}},"type":"binary-expr","locations":[{"start":{"line":73,"column":23},"end":{"line":73,"column":49}},{"start":{"line":73,"column":49},"end":{"line":73,"column":51}}],"line":73}},"s":{"0":4272,"1":4272,"2":2,"3":46,"4":46,"5":2066,"6":2066,"7":15450,"8":4270,"9":15450,"10":15450,"11":3,"12":3,"13":13,"14":1,"15":12,"16":2,"17":2,"18":9,"19":7,"20":2,"21":2,"22":10,"23":2,"24":46,"25":46,"26":60,"27":46,"28":2,"29":2},"f":{"0":46,"1":3,"2":9,"3":10,"4":60},"b":{"0":[4270,11180],"1":[1,12],"2":[7,2],"3":[60,0],"4":[46,46],"5":[46,0]},"meta":{"lastBranch":6,"lastFunction":5,"lastStatement":30,"seen":{"s:8:42:8:44":0,"s:9:30:9:39":1,"s:13:19:13:33":2,"f:19:2:19:9":0,"s:20:18:20:73":3,"s:22:4:31:Infinity":4,"s:23:17:23:Infinity":5,"s:24:6:31:Infinity":6,"b:25:8:26:Infinity:undefined:undefined:undefined:undefined":0,"s:25:8:26:Infinity":7,"s:26:10:26:Infinity":8,"s:28:8:28:Infinity":9,"s:31:8:31:Infinity":10,"f:39:2:39:9":1,"s:40:15:40:Infinity":11,"s:41:4:45:Infinity":12,"b:42:6:43:Infinity:undefined:undefined:undefined:undefined":1,"s:42:6:43:Infinity":13,"s:43:8:43:Infinity":14,"s:45:6:45:Infinity":15,"s:47:4:47:Infinity":16,"s:55:36:55:Infinity":17,"f:57:16:57:31":2,"b:58:2:58:Infinity:undefined:undefined:undefined:undefined":2,"s:58:2:58:Infinity":18,"s:58:18:58:Infinity":19,"s:60:15:60:31":20,"s:61:28:61:96":21,"f:61:47:61:52":3,"s:61:65:61:94":22,"s:63:2:76:Infinity":23,"s:64:10:64:54":24,"s:65:27:74:15":25,"f:69:21:69:26":4,"s:69:33:69:65":26,"b:69:33:69:58:69:62:69:65":3,"b:70:10:70:26:70:26:70:28":4,"b:73:23:73:49:73:49:73:51":5,"s:76:4:76:Infinity":27,"s:79:2:79:Infinity":28,"s:80:2:80:Infinity":29}}}
,"/Users/nileshchakraborty/workspace/ksco/src/lib/utils.ts": {"path":"/Users/nileshchakraborty/workspace/ksco/src/lib/utils.ts","statementMap":{"0":{"start":{"line":5,"column":2},"end":{"line":5,"column":null}}},"fnMap":{"0":{"name":"cn","decl":{"start":{"line":4,"column":16},"end":{"line":4,"column":19}},"loc":{"start":{"line":4,"column":44},"end":{"line":5,"column":null}},"line":4}},"branchMap":{},"s":{"0":117},"f":{"0":117},"b":{},"meta":{"lastBranch":0,"lastFunction":1,"lastStatement":1,"seen":{"f:4:16:4:19":0,"s:5:2:5:Infinity":0}}}
}
